TN:
SF:app/layout.tsx
FN:45,RootLayout
FNF:1
FNH:0
FNDA:0,RootLayout
DA:2,0
DA:6,0
DA:7,0
DA:8,0
DA:9,0
DA:10,0
DA:11,0
DA:12,0
DA:13,0
DA:14,0
DA:17,0
DA:24,0
DA:30,0
DA:38,0
DA:45,0
LF:15
LH:0
BRF:0
BRH:0
end_of_record
TN:
SF:app/page.tsx
FN:13,Logo
FN:24,LandingPage
FN:32,(anonymous_4)
FN:34,(anonymous_5)
FN:39,(anonymous_6)
FN:43,(anonymous_7)
FN:44,(anonymous_8)
FN:50,(anonymous_9)
FN:51,(anonymous_10)
FNF:9
FNH:0
FNDA:0,Logo
FNDA:0,LandingPage
FNDA:0,(anonymous_4)
FNDA:0,(anonymous_5)
FNDA:0,(anonymous_6)
FNDA:0,(anonymous_7)
FNDA:0,(anonymous_8)
FNDA:0,(anonymous_9)
FNDA:0,(anonymous_10)
DA:5,0
DA:6,0
DA:7,0
DA:8,0
DA:9,0
DA:10,0
DA:24,0
DA:25,0
DA:26,0
DA:32,0
DA:34,0
DA:35,0
DA:38,0
DA:39,0
DA:43,0
DA:44,0
DA:50,0
DA:51,0
LF:18
LH:0
BRF:0
BRH:0
end_of_record
TN:
SF:app/(dashboard)/audits/[id]/page.tsx
FN:24,generateMetadata
FN:55,AuditDetailsPage
FNF:2
FNH:0
FNDA:0,generateMetadata
FNDA:0,AuditDetailsPage
DA:5,0
DA:6,0
DA:7,0
DA:8,0
DA:9,0
DA:10,0
DA:11,0
DA:12,0
DA:13,0
DA:14,0
DA:15,0
DA:16,0
DA:24,0
DA:25,0
DA:27,0
DA:28,0
DA:33,0
DA:43,0
DA:44,0
DA:49,0
DA:55,0
DA:56,0
DA:58,0
DA:59,0
DA:62,0
DA:73,0
DA:74,0
DA:77,0
LF:28
LH:0
BRDA:27,0,0,0
BRDA:43,1,0,0
BRDA:51,2,0,0
BRDA:51,2,1,0
BRDA:58,3,0,0
BRDA:73,4,0,0
BRDA:89,5,0,0
BRF:7
BRH:0
end_of_record
TN:
SF:app/(dashboard)/notifications/page.tsx
FN:13,NotificationsPage
FNF:1
FNH:0
FNDA:0,NotificationsPage
DA:5,0
DA:6,0
DA:8,0
DA:13,0
LF:4
LH:0
BRF:0
BRH:0
end_of_record
TN:
SF:app/(dashboard)/websites/[id]/layout.tsx
FN:18,getWebsite
FN:37,WebsiteLayout
FNF:2
FNH:0
FNDA:0,getWebsite
FNDA:0,WebsiteLayout
DA:4,0
DA:5,0
DA:6,0
DA:7,0
DA:8,0
DA:9,0
DA:19,0
DA:21,0
DA:22,0
DA:25,0
DA:34,0
DA:37,0
DA:38,0
DA:40,0
DA:41,0
LF:15
LH:0
BRDA:21,0,0,0
BRDA:40,1,0,0
BRF:2
BRH:0
end_of_record
TN:
SF:app/(dashboard)/websites/[id]/schedule/page.tsx
FN:21,generateMetadata
FN:36,getWebsite
FN:58,SchedulePage
FNF:3
FNH:0
FNDA:0,generateMetadata
FNDA:0,getWebsite
FNDA:0,SchedulePage
DA:4,0
DA:6,0
DA:7,0
DA:8,0
DA:9,0
DA:10,0
DA:11,0
DA:12,0
DA:13,0
DA:21,0
DA:22,0
DA:24,0
DA:25,0
DA:30,0
DA:37,0
DA:39,0
DA:40,0
DA:43,0
DA:55,0
DA:58,0
DA:59,0
DA:61,0
DA:62,0
DA:66,0
LF:24
LH:0
BRDA:24,0,0,0
BRDA:39,1,0,0
BRDA:61,2,0,0
BRDA:66,3,0,0
BRDA:66,3,1,0
BRF:5
BRH:0
end_of_record
TN:
SF:app/admin/layout.tsx
FN:23,AdminLayout
FN:30,(anonymous_2)
FN:73,(anonymous_3)
FN:80,(anonymous_4)
FN:100,(anonymous_5)
FNF:5
FNH:0
FNDA:0,AdminLayout
FNDA:0,(anonymous_2)
FNDA:0,(anonymous_3)
FNDA:0,(anonymous_4)
FNDA:0,(anonymous_5)
DA:6,0
DA:7,0
DA:8,0
DA:9,0
DA:10,0
DA:21,0
DA:23,0
DA:24,0
DA:25,0
DA:26,0
DA:27,0
DA:30,0
DA:31,0
DA:34,0
DA:35,0
DA:36,0
DA:41,0
DA:53,0
DA:74,0
DA:75,0
DA:80,0
DA:100,0
LF:22
LH:0
BRDA:31,0,0,0
BRDA:31,0,1,0
BRDA:35,1,0,0
BRDA:41,2,0,0
BRDA:41,3,0,0
BRDA:41,3,1,0
BRDA:78,4,0,0
BRDA:78,4,1,0
BRDA:79,5,0,0
BRDA:79,5,1,0
BRDA:93,6,0,0
BRDA:93,6,1,0
BRDA:96,7,0,0
BRDA:96,7,1,0
BRDA:97,8,0,0
BRDA:97,8,1,0
BRF:16
BRH:0
end_of_record
TN:
SF:app/admin/clients/page.tsx
FN:8,AdminClientsPage
FNF:1
FNH:0
FNDA:0,AdminClientsPage
DA:4,0
DA:5,0
DA:6,0
DA:8,0
LF:4
LH:0
BRF:0
BRH:0
end_of_record
TN:
SF:app/admin/dashboard/page.tsx
FN:32,AdminDashboard
FN:50,(anonymous_2)
FN:51,(anonymous_3)
FN:69,(anonymous_4)
FNF:4
FNH:0
FNDA:0,AdminDashboard
FNDA:0,(anonymous_2)
FNDA:0,(anonymous_3)
FNDA:0,(anonymous_4)
DA:6,0
DA:7,0
DA:8,0
DA:9,0
DA:10,0
DA:11,0
DA:12,0
DA:13,0
DA:14,0
DA:15,0
DA:16,0
DA:17,0
DA:18,0
DA:30,0
DA:32,0
DA:33,0
DA:34,0
DA:50,0
DA:51,0
DA:52,0
DA:66,0
DA:69,0
DA:72,0
LF:23
LH:0
BRDA:72,0,0,0
BRDA:208,1,0,0
BRF:2
BRH:0
end_of_record
TN:
SF:app/analytics/page.tsx
FN:41,AnalyticsPage
FN:174,(anonymous_2)
FN:185,(anonymous_3)
FN:196,(anonymous_4)
FN:209,(anonymous_5)
FN:248,(anonymous_6)
FN:270,(anonymous_7)
FN:319,(anonymous_8)
FN:380,(anonymous_9)
FNF:9
FNH:0
FNDA:0,AnalyticsPage
FNDA:0,(anonymous_2)
FNDA:0,(anonymous_3)
FNDA:0,(anonymous_4)
FNDA:0,(anonymous_5)
FNDA:0,(anonymous_6)
FNDA:0,(anonymous_7)
FNDA:0,(anonymous_8)
FNDA:0,(anonymous_9)
DA:3,0
DA:4,0
DA:5,0
DA:6,0
DA:7,0
DA:8,0
DA:9,0
DA:10,0
DA:31,0
DA:32,0
DA:33,0
DA:34,0
DA:35,0
DA:36,0
DA:37,0
DA:38,0
DA:39,0
DA:41,0
DA:42,0
DA:43,0
DA:44,0
DA:46,0
DA:53,0
DA:92,0
DA:131,0
DA:174,0
DA:175,0
DA:185,0
DA:186,0
DA:188,0
DA:190,0
DA:192,0
DA:196,0
DA:197,0
DA:199,0
DA:201,0
DA:203,0
DA:205,0
DA:209,0
DA:210,0
DA:249,0
DA:271,0
DA:320,0
DA:381,0
LF:44
LH:0
BRDA:186,0,0,0
BRDA:186,0,1,0
BRDA:186,0,2,0
BRDA:197,1,0,0
BRDA:197,1,1,0
BRDA:197,1,2,0
BRDA:197,1,3,0
BRDA:332,2,0,0
BRDA:332,2,1,0
BRF:9
BRH:0
end_of_record
TN:
SF:app/api/admin/activity/route.ts
FN:9,(anonymous_2)
FN:113,(anonymous_3)
FN:133,(anonymous_4)
FN:149,(anonymous_5)
FN:189,(anonymous_6)
FNF:5
FNH:0
FNDA:0,(anonymous_2)
FNDA:0,(anonymous_3)
FNDA:0,(anonymous_4)
FNDA:0,(anonymous_5)
FNDA:0,(anonymous_6)
DA:4,0
DA:5,0
DA:6,0
DA:9,0
DA:15,0
DA:16,0
DA:22,0
DA:24,0
DA:25,0
DA:26,0
DA:29,0
DA:30,0
DA:31,0
DA:34,0
DA:68,0
DA:88,0
DA:113,0
DA:133,0
DA:149,0
DA:166,0
DA:168,0
DA:170,0
DA:172,0
DA:173,0
DA:175,0
DA:176,0
DA:178,0
DA:179,0
DA:181,0
DA:185,0
DA:189,0
DA:190,0
DA:194,0
DA:196,0
DA:206,0
DA:207,0
LF:36
LH:0
BRDA:15,0,0,0
BRDA:25,1,0,0
BRDA:25,1,1,0
BRDA:26,2,0,0
BRDA:26,2,1,0
BRDA:29,3,0,0
BRDA:29,3,1,0
BRDA:40,4,0,0
BRDA:40,4,1,0
BRDA:74,5,0,0
BRDA:74,5,1,0
BRDA:94,6,0,0
BRDA:94,6,1,0
BRDA:116,7,0,0
BRDA:116,7,1,0
BRDA:117,8,0,0
BRDA:117,8,1,0
BRDA:118,9,0,0
BRDA:118,9,1,0
BRDA:136,10,0,0
BRDA:136,10,1,0
BRDA:137,11,0,0
BRDA:137,11,1,0
BRDA:168,12,0,0
BRDA:168,12,1,0
BRDA:170,13,0,0
BRDA:170,13,1,0
BRDA:170,13,2,0
BRDA:170,13,3,0
BRF:29
BRH:0
end_of_record
TN:
SF:app/api/admin/audit-metrics/route.ts
FN:10,(anonymous_2)
FN:97,(anonymous_3)
FN:119,(anonymous_4)
FN:150,(anonymous_5)
FN:155,(anonymous_6)
FN:165,(anonymous_7)
FN:263,(anonymous_8)
FN:294,(anonymous_9)
FNF:8
FNH:0
FNDA:0,(anonymous_2)
FNDA:0,(anonymous_3)
FNDA:0,(anonymous_4)
FNDA:0,(anonymous_5)
FNDA:0,(anonymous_6)
FNDA:0,(anonymous_7)
FNDA:0,(anonymous_8)
FNDA:0,(anonymous_9)
DA:4,0
DA:5,0
DA:6,0
DA:7,0
DA:10,0
DA:16,0
DA:17,0
DA:23,0
DA:25,0
DA:26,0
DA:29,0
DA:30,0
DA:31,0
DA:33,0
DA:35,0
DA:36,0
DA:37,0
DA:39,0
DA:40,0
DA:41,0
DA:43,0
DA:44,0
DA:45,0
DA:47,0
DA:48,0
DA:52,0
DA:61,0
DA:71,0
DA:81,0
DA:96,0
DA:97,0
DA:98,0
DA:99,0
DA:100,0
DA:104,0
DA:107,0
DA:119,0
DA:120,0
DA:121,0
DA:130,0
DA:143,0
DA:150,0
DA:151,0
DA:152,0
DA:155,0
DA:161,0
DA:162,0
DA:165,0
DA:166,0
DA:168,0
DA:176,0
DA:177,0
DA:179,0
DA:180,0
DA:181,0
DA:182,0
DA:183,0
DA:186,0
DA:196,0
DA:206,0
DA:216,0
DA:226,0
DA:228,0
DA:233,0
DA:242,0
DA:257,0
DA:258,0
DA:259,0
DA:260,0
DA:261,0
DA:263,0
DA:264,0
DA:265,0
DA:266,0
DA:267,0
DA:268,0
DA:271,0
DA:274,0
DA:275,0
DA:277,0
DA:293,0
DA:294,0
DA:295,0
DA:304,0
DA:307,0
DA:310,0
DA:314,0
DA:323,0
DA:332,0
DA:342,0
DA:353,0
DA:354,0
DA:358,0
DA:384,0
DA:386,0
DA:387,0
LF:96
LH:0
BRDA:16,0,0,0
BRDA:26,1,0,0
BRDA:26,1,1,0
BRDA:33,2,0,0
BRDA:33,2,1,0
BRDA:33,2,2,0
BRDA:33,2,3,0
BRDA:98,3,0,0
BRDA:98,4,0,0
BRDA:98,4,1,0
BRDA:104,5,0,0
BRDA:104,5,1,0
BRDA:156,6,0,0
BRDA:156,6,1,0
BRDA:166,7,0,0
BRDA:166,7,1,0
BRDA:168,8,0,0
BRDA:168,8,1,0
BRDA:176,9,0,0
BRDA:176,9,1,0
BRDA:176,10,0,0
BRDA:176,10,1,0
BRDA:177,11,0,0
BRDA:177,11,1,0
BRDA:177,12,0,0
BRDA:177,12,1,0
BRDA:264,13,0,0
BRDA:264,13,1,0
BRDA:265,14,0,0
BRDA:265,14,1,0
BRDA:266,15,0,0
BRDA:266,15,1,0
BRDA:267,16,0,0
BRDA:267,16,1,0
BRDA:268,17,0,0
BRDA:268,17,1,0
BRDA:296,18,0,0
BRDA:296,18,1,0
BRDA:297,19,0,0
BRDA:297,19,1,0
BRDA:298,20,0,0
BRDA:298,20,1,0
BRDA:299,21,0,0
BRDA:299,21,1,0
BRDA:300,22,0,0
BRDA:300,22,1,0
BRDA:304,23,0,0
BRDA:304,23,1,0
BRDA:307,24,0,0
BRDA:307,24,1,0
BRDA:310,25,0,0
BRDA:310,25,1,0
BRDA:315,26,0,0
BRDA:315,26,1,0
BRDA:316,27,0,0
BRDA:316,27,1,0
BRDA:317,28,0,0
BRDA:317,28,1,0
BRDA:318,29,0,0
BRDA:318,29,1,0
BRDA:319,30,0,0
BRDA:319,30,1,0
BRDA:353,31,0,0
BRDA:353,31,1,0
BRDA:354,32,0,0
BRDA:354,32,1,0
BRDA:366,33,0,0
BRDA:366,33,1,0
BRDA:367,34,0,0
BRDA:367,34,1,0
BRDA:368,35,0,0
BRDA:368,35,1,0
BRF:72
BRH:0
end_of_record
TN:
SF:app/api/admin/clients/route.ts
FN:9,(anonymous_4)
FN:98,(anonymous_5)
FN:101,(anonymous_6)
FN:102,(anonymous_7)
FN:132,(anonymous_8)
FNF:5
FNH:0
FNDA:0,(anonymous_4)
FNDA:0,(anonymous_5)
FNDA:0,(anonymous_6)
FNDA:0,(anonymous_7)
FNDA:0,(anonymous_8)
DA:4,0
DA:5,0
DA:6,0
DA:9,0
DA:15,0
DA:16,0
DA:22,0
DA:24,0
DA:25,0
DA:26,0
DA:27,0
DA:30,0
DA:32,0
DA:33,0
DA:36,0
DA:37,0
DA:40,0
DA:41,0
DA:48,0
DA:98,0
DA:100,0
DA:101,0
DA:102,0
DA:103,0
DA:107,0
DA:121,0
DA:123,0
DA:124,0
DA:132,0
DA:138,0
DA:139,0
DA:145,0
DA:146,0
DA:149,0
DA:150,0
DA:157,0
DA:161,0
DA:162,0
DA:169,0
DA:179,0
DA:181,0
DA:182,0
LF:42
LH:0
BRDA:15,0,0,0
BRDA:32,1,0,0
BRDA:36,2,0,0
BRDA:40,3,0,0
BRDA:109,4,0,0
BRDA:109,4,1,0
BRDA:111,5,0,0
BRDA:111,5,1,0
BRDA:112,6,0,0
BRDA:112,6,1,0
BRDA:113,7,0,0
BRDA:113,7,1,0
BRDA:113,7,2,0
BRDA:138,8,0,0
BRDA:149,9,0,0
BRDA:149,10,0,0
BRDA:149,10,1,0
BRDA:161,11,0,0
BRDA:173,12,0,0
BRDA:173,12,1,0
BRDA:174,13,0,0
BRDA:174,13,1,0
BRF:22
BRH:0
end_of_record
TN:
SF:app/api/admin/recent-activity/route.ts
FN:10,(anonymous_2)
FN:115,(anonymous_3)
FN:135,(anonymous_4)
FN:152,(anonymous_5)
FN:165,(anonymous_6)
FN:184,(anonymous_7)
FNF:6
FNH:0
FNDA:0,(anonymous_2)
FNDA:0,(anonymous_3)
FNDA:0,(anonymous_4)
FNDA:0,(anonymous_5)
FNDA:0,(anonymous_6)
FNDA:0,(anonymous_7)
DA:4,0
DA:5,0
DA:6,0
DA:7,0
DA:10,0
DA:16,0
DA:17,0
DA:23,0
DA:24,0
DA:25,0
DA:28,0
DA:57,0
DA:75,0
DA:99,0
DA:115,0
DA:135,0
DA:152,0
DA:165,0
DA:179,0
DA:184,0
DA:187,0
DA:189,0
DA:199,0
DA:200,0
LF:24
LH:0
BRDA:16,0,0,0
BRDA:25,1,0,0
BRDA:25,1,1,0
BRDA:118,2,0,0
BRDA:118,2,1,0
BRDA:122,3,0,0
BRDA:122,3,1,0
BRDA:124,4,0,0
BRDA:124,4,1,0
BRDA:130,5,0,0
BRDA:130,5,1,0
BRDA:130,6,0,0
BRDA:130,6,1,0
BRDA:138,7,0,0
BRDA:138,7,1,0
BRDA:141,8,0,0
BRDA:141,8,1,0
BRDA:147,9,0,0
BRDA:147,9,1,0
BRDA:148,10,0,0
BRDA:148,10,1,0
BRF:21
BRH:0
end_of_record
TN:
SF:app/api/admin/system-health/route.ts
FN:10,(anonymous_2)
FN:138,(anonymous_3)
FN:162,generatePerformanceMetrics
FNF:3
FNH:0
FNDA:0,(anonymous_2)
FNDA:0,(anonymous_3)
FNDA:0,generatePerformanceMetrics
DA:4,0
DA:5,0
DA:6,0
DA:7,0
DA:10,0
DA:16,0
DA:17,0
DA:23,0
DA:25,0
DA:28,0
DA:29,0
DA:30,0
DA:31,0
DA:32,0
DA:33,0
DA:36,0
DA:39,0
DA:42,0
DA:45,0
DA:48,0
DA:49,0
DA:51,0
DA:60,0
DA:98,0
DA:99,0
DA:102,0
DA:105,0
DA:106,0
DA:109,0
DA:138,0
DA:151,0
DA:153,0
DA:154,0
DA:163,0
DA:164,0
DA:167,0
DA:168,0
DA:169,0
DA:171,0
DA:182,0
LF:40
LH:0
BRDA:16,0,0,0
BRF:1
BRH:0
end_of_record
TN:
SF:app/api/advanced-audits/route.ts
FN:13,(anonymous_3)
FN:58,(anonymous_4)
FN:91,(anonymous_5)
FNF:3
FNH:0
FNDA:0,(anonymous_3)
FNDA:0,(anonymous_4)
FNDA:0,(anonymous_5)
DA:4,0
DA:5,0
DA:6,0
DA:7,0
DA:13,0
DA:18,0
DA:19,0
DA:21,0
DA:22,0
DA:29,0
DA:36,0
DA:37,0
DA:44,0
DA:58,0
DA:59,0
DA:60,0
DA:61,0
DA:63,0
DA:64,0
DA:74,0
DA:80,0
DA:81,0
DA:91,0
DA:96,0
DA:97,0
DA:98,0
DA:99,0
DA:100,0
DA:101,0
DA:102,0
DA:105,0
DA:107,0
DA:108,0
DA:111,0
DA:112,0
DA:116,0
DA:134,0
DA:144,0
DA:145,0
LF:39
LH:0
BRDA:21,0,0,0
BRDA:21,1,0,0
BRDA:21,1,1,0
BRDA:36,2,0,0
BRDA:50,3,0,0
BRDA:50,3,1,0
BRDA:100,4,0,0
BRDA:100,4,1,0
BRDA:101,5,0,0
BRDA:101,5,1,0
BRDA:107,6,0,0
BRDA:111,7,0,0
BRF:12
BRH:0
end_of_record
TN:
SF:app/api/advanced-audits/[id]/route.ts
FN:13,(anonymous_4)
FN:85,(anonymous_5)
FN:137,(anonymous_6)
FNF:3
FNH:0
FNDA:0,(anonymous_4)
FNDA:0,(anonymous_5)
FNDA:0,(anonymous_6)
DA:4,0
DA:5,0
DA:6,0
DA:7,0
DA:13,0
DA:18,0
DA:19,0
DA:22,0
DA:35,0
DA:36,0
DA:43,0
DA:44,0
DA:51,0
DA:56,0
DA:61,0
DA:65,0
DA:74,0
DA:75,0
DA:85,0
DA:90,0
DA:91,0
DA:94,0
DA:99,0
DA:100,0
DA:107,0
DA:108,0
DA:115,0
DA:121,0
DA:126,0
DA:127,0
DA:137,0
DA:142,0
DA:143,0
DA:144,0
DA:147,0
DA:152,0
DA:153,0
DA:160,0
DA:161,0
DA:168,0
DA:171,0
DA:176,0
DA:181,0
DA:185,0
DA:188,0
DA:197,0
DA:198,0
DA:203,0
DA:212,0
DA:213,0
DA:215,0
DA:222,0
DA:223,0
DA:229,0
DA:237,0
DA:243,0
DA:249,0
DA:250,0
LF:58
LH:0
BRDA:35,0,0,0
BRDA:43,1,0,0
BRDA:43,2,0,0
BRDA:43,2,1,0
BRDA:61,3,0,0
BRDA:61,3,1,0
BRDA:62,4,0,0
BRDA:62,4,1,0
BRDA:99,5,0,0
BRDA:107,6,0,0
BRDA:107,7,0,0
BRDA:107,7,1,0
BRDA:152,8,0,0
BRDA:160,9,0,0
BRDA:160,10,0,0
BRDA:160,10,1,0
BRDA:176,11,0,0
BRDA:176,11,1,0
BRDA:177,12,0,0
BRDA:177,12,1,0
BRDA:181,13,0,0
BRDA:181,13,1,0
BRDA:181,13,2,0
BRDA:185,14,0,0
BRDA:185,14,1,0
BRDA:185,14,2,0
BRDA:197,15,0,0
BRDA:222,16,0,0
BRDA:222,17,0,0
BRDA:222,17,1,0
BRF:30
BRH:0
end_of_record
TN:
SF:app/api/audit-categories/route.ts
FN:22,(anonymous_3)
FN:56,(anonymous_4)
FNF:2
FNH:0
FNDA:0,(anonymous_3)
FNDA:0,(anonymous_4)
DA:4,0
DA:5,0
DA:6,0
DA:7,0
DA:10,0
DA:22,0
DA:27,0
DA:29,0
DA:42,0
DA:44,0
DA:45,0
DA:56,0
DA:61,0
DA:63,0
DA:68,0
DA:69,0
DA:76,0
DA:77,0
DA:79,0
DA:80,0
DA:86,0
DA:89,0
DA:93,0
DA:94,0
DA:101,0
DA:109,0
DA:111,0
DA:112,0
LF:28
LH:0
BRDA:68,0,0,0
BRDA:68,1,0,0
BRDA:68,1,1,0
BRDA:79,2,0,0
BRDA:93,3,0,0
BRF:5
BRH:0
end_of_record
TN:
SF:app/api/audit-categories/[categoryId]/checks/route.ts
FN:21,(anonymous_3)
FN:61,(anonymous_4)
FNF:2
FNH:0
FNDA:0,(anonymous_3)
FNDA:0,(anonymous_4)
DA:4,0
DA:5,0
DA:6,0
DA:7,0
DA:10,0
DA:21,0
DA:26,0
DA:27,0
DA:30,0
DA:34,0
DA:35,0
DA:42,0
DA:47,0
DA:49,0
DA:50,0
DA:61,0
DA:66,0
DA:67,0
DA:70,0
DA:75,0
DA:76,0
DA:83,0
DA:87,0
DA:88,0
DA:95,0
DA:96,0
DA:98,0
DA:99,0
DA:105,0
DA:108,0
DA:115,0
DA:116,0
DA:123,0
DA:133,0
DA:135,0
DA:136,0
LF:36
LH:0
BRDA:34,0,0,0
BRDA:75,1,0,0
BRDA:75,2,0,0
BRDA:75,2,1,0
BRDA:87,3,0,0
BRDA:98,4,0,0
BRDA:115,5,0,0
BRF:7
BRH:0
end_of_record
TN:
SF:app/api/audit/results/[auditId]/route.ts
FN:6,GET
FN:92,(anonymous_6)
FN:134,POST
FN:152,PUT
FN:166,DELETE
FNF:5
FNH:0
FNDA:0,GET
FNDA:0,(anonymous_6)
FNDA:0,POST
FNDA:0,PUT
FNDA:0,DELETE
DA:1,0
DA:2,0
DA:4,0
DA:6,0
DA:10,0
DA:11,0
DA:13,0
DA:14,0
DA:21,0
DA:22,0
DA:23,0
DA:30,0
DA:32,0
DA:34,0
DA:36,0
DA:37,0
DA:38,0
DA:42,0
DA:43,0
DA:55,0
DA:70,0
DA:77,0
DA:78,0
DA:79,0
DA:82,0
DA:85,0
DA:86,0
DA:90,0
DA:91,0
DA:92,0
DA:94,0
DA:95,0
DA:96,0
DA:97,0
DA:98,0
DA:101,0
DA:107,0
DA:108,0
DA:109,0
DA:116,0
DA:122,0
DA:124,0
DA:134,0
DA:135,0
DA:152,0
DA:153,0
DA:166,0
DA:167,0
LF:48
LH:0
BRDA:13,0,0,0
BRDA:22,1,0,0
BRDA:32,2,0,0
BRDA:36,3,0,0
BRDA:37,4,0,0
BRDA:37,4,1,0
BRDA:42,5,0,0
BRDA:42,5,1,0
BRDA:79,6,0,0
BRDA:79,6,1,0
BRDA:85,7,0,0
BRDA:85,8,0,0
BRDA:85,8,1,0
BRDA:90,9,0,0
BRDA:94,10,0,0
BRDA:97,11,0,0
BRDA:108,12,0,0
BRDA:108,13,0,0
BRDA:108,13,1,0
BRDA:127,14,0,0
BRDA:127,14,1,0
BRF:21
BRH:0
end_of_record
TN:
SF:app/api/audit/start/route.ts
FN:6,POST
FN:40,(anonymous_5)
FN:89,GET
FNF:3
FNH:0
FNDA:0,POST
FNDA:0,(anonymous_5)
FNDA:0,GET
DA:1,0
DA:2,0
DA:3,0
DA:6,0
DA:7,0
DA:8,0
DA:9,0
DA:12,0
DA:13,0
DA:19,0
DA:20,0
DA:27,0
DA:28,0
DA:30,0
DA:37,0
DA:38,0
DA:40,0
DA:41,0
DA:48,0
DA:49,0
DA:50,0
DA:58,0
DA:61,0
DA:64,0
DA:66,0
DA:77,0
DA:79,0
DA:89,0
DA:90,0
LF:29
LH:0
BRDA:12,0,0,0
BRDA:19,1,0,0
BRDA:40,2,0,0
BRDA:49,3,0,0
BRDA:82,4,0,0
BRDA:82,4,1,0
BRF:6
BRH:0
end_of_record
TN:
SF:app/api/audit/status/[auditId]/route.ts
FN:4,GET
FN:58,POST
FN:72,PUT
FN:86,DELETE
FNF:4
FNH:0
FNDA:0,GET
FNDA:0,POST
FNDA:0,PUT
FNDA:0,DELETE
DA:1,0
DA:2,0
DA:4,0
DA:8,0
DA:9,0
DA:12,0
DA:13,0
DA:14,0
DA:21,0
DA:24,0
DA:40,0
DA:46,0
DA:48,0
DA:58,0
DA:59,0
DA:72,0
DA:73,0
DA:86,0
DA:90,0
DA:91,0
DA:94,0
DA:95,0
DA:96,0
DA:103,0
DA:105,0
DA:112,0
DA:114,0
LF:27
LH:0
BRDA:13,0,0,0
BRDA:51,1,0,0
BRDA:51,1,1,0
BRDA:95,2,0,0
BRDA:117,3,0,0
BRDA:117,3,1,0
BRF:6
BRH:0
end_of_record
TN:
SF:app/api/audits/route.ts
FN:31,(anonymous_3)
FN:69,(anonymous_4)
FNF:2
FNH:0
FNDA:0,(anonymous_3)
FNDA:0,(anonymous_4)
DA:4,0
DA:5,0
DA:6,0
DA:7,0
DA:8,0
DA:10,0
DA:13,0
DA:31,0
DA:32,0
DA:35,0
DA:36,0
DA:39,0
DA:55,0
DA:57,0
DA:58,0
DA:69,0
DA:70,0
DA:73,0
DA:74,0
DA:76,0
DA:77,0
DA:83,0
DA:86,0
DA:93,0
DA:94,0
DA:101,0
DA:109,0
DA:120,0
DA:122,0
DA:124,0
DA:125,0
LF:31
LH:0
BRDA:43,0,0,0
BRDA:43,0,1,0
BRDA:76,1,0,0
BRDA:93,2,0,0
BRDA:110,3,0,0
BRDA:110,3,1,0
BRDA:111,4,0,0
BRDA:111,4,1,0
BRDA:112,5,0,0
BRDA:112,5,1,0
BRDA:113,6,0,0
BRDA:113,6,1,0
BRDA:114,7,0,0
BRDA:114,7,1,0
BRDA:115,8,0,0
BRDA:115,8,1,0
BRDA:116,9,0,0
BRDA:116,9,1,0
BRF:18
BRH:0
end_of_record
TN:
SF:app/api/audits/[id]/route.ts
FN:15,(anonymous_3)
FN:71,(anonymous_4)
FNF:2
FNH:0
FNDA:0,(anonymous_3)
FNDA:0,(anonymous_4)
DA:4,0
DA:5,0
DA:6,0
DA:7,0
DA:9,0
DA:15,0
DA:20,0
DA:21,0
DA:24,0
DA:46,0
DA:47,0
DA:51,0
DA:53,0
DA:54,0
DA:57,0
DA:59,0
DA:60,0
DA:71,0
DA:76,0
DA:77,0
DA:80,0
DA:89,0
DA:90,0
DA:94,0
DA:98,0
DA:100,0
DA:101,0
LF:27
LH:0
BRDA:46,0,0,0
BRDA:51,1,0,0
BRDA:51,2,0,0
BRDA:51,2,1,0
BRDA:89,3,0,0
BRF:5
BRH:0
end_of_record
TN:
SF:app/api/audits/[id]/compare/route.ts
FN:12,(anonymous_1)
FNF:1
FNH:0
FNDA:0,(anonymous_1)
DA:4,0
DA:5,0
DA:6,0
DA:7,0
DA:12,0
DA:17,0
DA:18,0
DA:19,0
DA:20,0
DA:23,0
DA:33,0
DA:34,0
DA:40,0
DA:43,0
DA:45,0
DA:52,0
DA:53,0
DA:59,0
DA:60,0
DA:64,0
DA:67,0
DA:79,0
DA:80,0
DA:86,0
DA:87,0
DA:90,0
DA:91,0
LF:27
LH:0
BRDA:33,0,0,0
BRDA:43,1,0,0
BRDA:43,1,1,0
BRDA:52,2,0,0
BRDA:79,3,0,0
BRF:5
BRH:0
end_of_record
TN:
SF:app/api/audits/[id]/export/route.ts
FN:13,(anonymous_3)
FN:75,(anonymous_4)
FN:120,(anonymous_5)
FN:125,(anonymous_6)
FN:126,(anonymous_7)
FN:149,(anonymous_8)
FNF:6
FNH:0
FNDA:0,(anonymous_3)
FNDA:0,(anonymous_4)
FNDA:0,(anonymous_5)
FNDA:0,(anonymous_6)
FNDA:0,(anonymous_7)
FNDA:0,(anonymous_8)
DA:4,0
DA:5,0
DA:6,0
DA:7,0
DA:13,0
DA:18,0
DA:19,0
DA:22,0
DA:44,0
DA:45,0
DA:52,0
DA:63,0
DA:75,0
DA:76,0
DA:78,0
DA:79,0
DA:86,0
DA:89,0
DA:90,0
DA:100,0
DA:101,0
DA:102,0
DA:103,0
DA:104,0
DA:105,0
DA:106,0
DA:107,0
DA:108,0
DA:109,0
DA:110,0
DA:111,0
DA:116,0
DA:119,0
DA:120,0
DA:125,0
DA:126,0
DA:136,0
DA:138,0
DA:139,0
DA:149,0
DA:154,0
DA:155,0
DA:158,0
DA:165,0
DA:166,0
DA:173,0
DA:179,0
DA:182,0
DA:183,0
DA:186,0
DA:192,0
DA:193,0
DA:196,0
DA:203,0
DA:209,0
DA:210,0
LF:56
LH:0
BRDA:44,0,0,0
BRDA:57,1,0,0
BRDA:57,1,1,0
BRDA:58,2,0,0
BRDA:58,2,1,0
BRDA:78,3,0,0
BRDA:89,4,0,0
BRDA:89,5,0,0
BRDA:89,5,1,0
BRDA:92,6,0,0
BRDA:92,6,1,0
BRDA:93,7,0,0
BRDA:93,7,1,0
BRDA:94,8,0,0
BRDA:94,8,1,0
BRDA:95,9,0,0
BRDA:95,9,1,0
BRDA:100,10,0,0
BRDA:100,10,1,0
BRDA:100,11,0,0
BRDA:100,11,1,0
BRDA:102,12,0,0
BRDA:102,12,1,0
BRDA:102,13,0,0
BRDA:102,13,1,0
BRDA:104,14,0,0
BRDA:104,14,1,0
BRDA:104,15,0,0
BRDA:104,15,1,0
BRDA:106,16,0,0
BRDA:106,16,1,0
BRDA:106,17,0,0
BRDA:106,17,1,0
BRDA:108,18,0,0
BRDA:108,18,1,0
BRDA:108,19,0,0
BRDA:108,19,1,0
BRDA:110,20,0,0
BRDA:110,21,0,0
BRDA:110,21,1,0
BRDA:119,22,0,0
BRDA:119,23,0,0
BRDA:119,23,1,0
BRDA:122,24,0,0
BRDA:122,24,1,0
BRDA:123,25,0,0
BRDA:123,25,1,0
BRDA:125,26,0,0
BRDA:125,26,1,0
BRDA:127,27,0,0
BRDA:127,27,1,0
BRDA:128,28,0,0
BRDA:128,28,1,0
BRDA:129,29,0,0
BRDA:129,29,1,0
BRDA:130,30,0,0
BRDA:130,30,1,0
BRDA:131,31,0,0
BRDA:131,31,1,0
BRDA:165,32,0,0
BRDA:182,33,0,0
BRDA:182,33,1,0
BRDA:192,34,0,0
BRDA:192,34,1,0
BRF:64
BRH:0
end_of_record
TN:
SF:app/api/audits/[id]/pages/route.ts
FN:12,(anonymous_1)
FNF:1
FNH:0
FNDA:0,(anonymous_1)
DA:4,0
DA:5,0
DA:6,0
DA:12,0
DA:17,0
DA:18,0
DA:21,0
DA:30,0
DA:31,0
DA:35,0
DA:36,0
DA:37,0
DA:38,0
DA:39,0
DA:40,0
DA:41,0
DA:44,0
DA:47,0
DA:51,0
DA:52,0
DA:58,0
DA:59,0
DA:63,0
DA:64,0
DA:66,0
DA:67,0
DA:71,0
DA:95,0
DA:106,0
DA:117,0
DA:131,0
DA:132,0
LF:32
LH:0
BRDA:30,0,0,0
BRDA:38,1,0,0
BRDA:38,1,1,0
BRDA:39,2,0,0
BRDA:39,2,1,0
BRDA:40,3,0,0
BRDA:40,3,1,0
BRDA:41,4,0,0
BRDA:41,4,1,0
BRDA:51,5,0,0
BRDA:58,6,0,0
BRDA:67,7,0,0
BRDA:67,7,1,0
BRDA:68,8,0,0
BRDA:68,8,1,0
BRF:15
BRH:0
end_of_record
TN:
SF:app/api/audits/[id]/pages/[pageId]/route.ts
FN:13,GET
FN:157,DELETE
FNF:2
FNH:0
FNDA:0,GET
FNDA:0,DELETE
DA:4,0
DA:5,0
DA:6,0
DA:7,0
DA:13,0
DA:17,0
DA:18,0
DA:21,0
DA:22,0
DA:23,0
DA:27,0
DA:31,0
DA:32,0
DA:36,0
DA:45,0
DA:46,0
DA:50,0
DA:68,0
DA:69,0
DA:73,0
DA:74,0
DA:75,0
DA:76,0
DA:79,0
DA:83,0
DA:84,0
DA:89,0
DA:90,0
DA:93,0
DA:94,0
DA:98,0
DA:114,0
DA:125,0
DA:136,0
DA:145,0
DA:146,0
DA:157,0
DA:161,0
DA:162,0
DA:165,0
DA:166,0
DA:167,0
DA:171,0
DA:175,0
DA:176,0
DA:180,0
DA:189,0
DA:190,0
DA:194,0
DA:201,0
DA:202,0
DA:206,0
DA:210,0
DA:212,0
DA:213,0
LF:55
LH:0
BRDA:22,0,0,0
BRDA:31,1,0,0
BRDA:45,2,0,0
BRDA:68,3,0,0
BRDA:83,4,0,0
BRDA:89,5,0,0
BRDA:93,6,0,0
BRDA:166,7,0,0
BRDA:175,8,0,0
BRDA:189,9,0,0
BRDA:201,10,0,0
BRF:11
BRH:0
end_of_record
TN:
SF:app/api/audits/[id]/results/route.ts
FN:14,(anonymous_1)
FNF:1
FNH:0
FNDA:0,(anonymous_1)
DA:4,0
DA:5,0
DA:6,0
DA:7,0
DA:14,0
DA:19,0
DA:20,0
DA:21,0
DA:22,0
DA:25,0
DA:34,0
DA:35,0
DA:39,0
DA:40,0
DA:41,0
DA:43,0
DA:44,0
DA:47,0
DA:52,0
DA:53,0
DA:54,0
DA:55,0
DA:56,0
DA:59,0
DA:62,0
DA:66,0
DA:67,0
DA:72,0
DA:73,0
DA:76,0
DA:77,0
DA:81,0
DA:104,0
DA:115,0
DA:126,0
DA:140,0
DA:141,0
LF:37
LH:0
BRDA:34,0,0,0
BRDA:39,1,0,0
BRDA:43,2,0,0
BRDA:55,3,0,0
BRDA:55,3,1,0
BRDA:56,4,0,0
BRDA:56,4,1,0
BRDA:66,5,0,0
BRDA:72,6,0,0
BRDA:76,7,0,0
BRF:10
BRH:0
end_of_record
TN:
SF:app/api/audits/[id]/summary/route.ts
FN:12,(anonymous_3)
FN:103,(anonymous_4)
FN:159,(anonymous_5)
FN:171,(anonymous_6)
FN:219,(anonymous_7)
FN:220,(anonymous_8)
FN:238,(anonymous_9)
FN:239,(anonymous_10)
FN:240,(anonymous_11)
FN:241,(anonymous_12)
FN:248,(anonymous_13)
FN:249,(anonymous_14)
FN:250,(anonymous_15)
FN:251,(anonymous_16)
FN:257,(anonymous_17)
FNF:15
FNH:0
FNDA:0,(anonymous_3)
FNDA:0,(anonymous_4)
FNDA:0,(anonymous_5)
FNDA:0,(anonymous_6)
FNDA:0,(anonymous_7)
FNDA:0,(anonymous_8)
FNDA:0,(anonymous_9)
FNDA:0,(anonymous_10)
FNDA:0,(anonymous_11)
FNDA:0,(anonymous_12)
FNDA:0,(anonymous_13)
FNDA:0,(anonymous_14)
FNDA:0,(anonymous_15)
FNDA:0,(anonymous_16)
FNDA:0,(anonymous_17)
DA:4,0
DA:5,0
DA:6,0
DA:12,0
DA:17,0
DA:18,0
DA:21,0
DA:33,0
DA:34,0
DA:38,0
DA:44,0
DA:45,0
DA:49,0
DA:59,0
DA:70,0
DA:81,0
DA:91,0
DA:92,0
DA:103,0
DA:108,0
DA:109,0
DA:112,0
DA:121,0
DA:122,0
DA:126,0
DA:140,0
DA:147,0
DA:157,0
DA:159,0
DA:160,0
DA:171,0
DA:172,0
DA:174,0
DA:175,0
DA:177,0
DA:178,0
DA:179,0
DA:180,0
DA:182,0
DA:183,0
DA:184,0
DA:185,0
DA:187,0
DA:189,0
DA:190,0
DA:192,0
DA:193,0
DA:194,0
DA:195,0
DA:197,0
DA:202,0
DA:207,0
DA:216,0
DA:217,0
DA:219,0
DA:220,0
DA:221,0
DA:222,0
DA:223,0
DA:228,0
DA:231,0
DA:238,0
DA:239,0
DA:240,0
DA:241,0
DA:248,0
DA:249,0
DA:250,0
DA:251,0
DA:257,0
DA:258,0
DA:284,0
DA:287,0
DA:298,0
DA:311,0
DA:313,0
DA:314,0
LF:77
LH:0
BRDA:33,0,0,0
BRDA:44,1,0,0
BRDA:121,2,0,0
BRDA:174,3,0,0
BRDA:177,4,0,0
BRDA:177,4,1,0
BRDA:179,5,0,0
BRDA:179,5,1,0
BRDA:182,6,0,0
BRDA:182,6,1,0
BRDA:184,7,0,0
BRDA:184,7,1,0
BRDA:189,8,0,0
BRDA:192,9,0,0
BRDA:192,9,1,0
BRDA:194,10,0,0
BRDA:194,10,1,0
BRDA:221,11,0,0
BRDA:221,12,0,0
BRDA:221,12,1,0
BRDA:228,13,0,0
BRDA:228,13,1,0
BRDA:239,14,0,0
BRDA:239,14,1,0
BRDA:240,15,0,0
BRDA:240,15,1,0
BRDA:241,16,0,0
BRDA:241,16,1,0
BRDA:249,17,0,0
BRDA:249,17,1,0
BRDA:250,18,0,0
BRDA:250,18,1,0
BRDA:251,19,0,0
BRDA:251,19,1,0
BRF:34
BRH:0
end_of_record
TN:
SF:app/api/auth/[...nextauth]/route.ts
FNF:0
FNH:0
DA:4,0
DA:5,0
DA:7,0
DA:9,0
LF:4
LH:0
BRF:0
BRH:0
end_of_record
TN:
SF:app/api/auth/login/route.ts
FN:4,POST
FNF:1
FNH:0
FNDA:0,POST
DA:1,0
DA:2,0
DA:4,0
DA:5,0
DA:6,0
DA:9,0
DA:10,0
DA:14,0
DA:17,0
DA:28,0
DA:35,0
DA:37,0
DA:38,0
LF:13
LH:0
BRDA:9,0,0,0
BRDA:9,1,0,0
BRDA:9,1,1,0
BRDA:38,2,0,0
BRDA:38,2,1,0
BRF:5
BRH:0
end_of_record
TN:
SF:app/api/auth/logout/route.ts
FN:3,POST
FNF:1
FNH:0
FNDA:0,POST
DA:1,0
DA:3,0
DA:4,0
DA:6,0
DA:13,0
LF:5
LH:0
BRF:0
BRH:0
end_of_record
TN:
SF:app/api/auth/me/route.ts
FN:10,GET
FNF:1
FNH:0
FNDA:0,GET
DA:1,0
DA:2,0
DA:3,0
DA:4,0
DA:10,0
DA:11,0
DA:13,0
DA:14,0
DA:15,0
DA:19,0
DA:37,0
DA:38,0
DA:42,0
DA:54,0
DA:55,0
LF:15
LH:0
BRDA:14,0,0,0
BRDA:37,1,0,0
BRF:2
BRH:0
end_of_record
TN:
SF:app/api/auth/register/route.ts
FN:4,POST
FNF:1
FNH:0
FNDA:0,POST
DA:1,0
DA:2,0
DA:4,0
DA:5,0
DA:6,0
DA:9,0
DA:10,0
DA:13,0
DA:14,0
DA:18,0
DA:21,0
DA:32,0
DA:39,0
DA:41,0
DA:42,0
LF:15
LH:0
BRDA:9,0,0,0
BRDA:9,1,0,0
BRDA:9,1,1,0
BRDA:9,1,2,0
BRDA:13,2,0,0
BRDA:42,3,0,0
BRDA:42,3,1,0
BRF:7
BRH:0
end_of_record
TN:
SF:app/api/cron/run-monitoring-checks/route.ts
FN:17,isAuthorized
FN:34,POST
FN:94,GET
FNF:3
FNH:0
FNDA:0,isAuthorized
FNDA:0,POST
FNDA:0,GET
DA:4,0
DA:5,0
DA:6,0
DA:7,0
DA:9,0
DA:10,0
DA:18,0
DA:19,0
DA:21,0
DA:22,0
DA:23,0
DA:26,0
DA:34,0
DA:35,0
DA:37,0
DA:38,0
DA:40,0
DA:42,0
DA:43,0
DA:44,0
DA:50,0
DA:53,0
DA:56,0
DA:58,0
DA:60,0
DA:67,0
DA:68,0
DA:78,0
DA:79,0
DA:94,0
DA:95,0
DA:97,0
DA:98,0
DA:100,0
DA:102,0
DA:103,0
DA:104,0
DA:110,0
DA:113,0
DA:120,0
DA:121,0
DA:122,0
DA:124,0
DA:126,0
DA:134,0
DA:135,0
DA:144,0
DA:145,0
LF:48
LH:0
BRDA:19,0,0,0
BRDA:19,0,1,0
BRDA:21,1,0,0
BRDA:21,2,0,0
BRDA:21,2,1,0
BRDA:38,3,0,0
BRDA:38,3,1,0
BRDA:42,4,0,0
BRDA:71,5,0,0
BRDA:71,5,1,0
BRDA:82,6,0,0
BRDA:82,6,1,0
BRDA:98,7,0,0
BRDA:98,7,1,0
BRDA:102,8,0,0
BRDA:138,9,0,0
BRDA:138,9,1,0
BRDA:148,10,0,0
BRDA:148,10,1,0
BRF:19
BRH:0
end_of_record
TN:
SF:app/api/cron/run-scheduled-audits/route.ts
FN:11,(anonymous_3)
FN:32,(anonymous_4)
FN:78,(anonymous_5)
FN:88,(anonymous_6)
FNF:4
FNH:0
FNDA:0,(anonymous_3)
FNDA:0,(anonymous_4)
FNDA:0,(anonymous_5)
FNDA:0,(anonymous_6)
DA:4,0
DA:5,0
DA:6,0
DA:7,0
DA:8,0
DA:11,0
DA:12,0
DA:14,0
DA:15,0
DA:17,0
DA:18,0
DA:19,0
DA:23,0
DA:24,0
DA:26,0
DA:29,0
DA:32,0
DA:33,0
DA:37,0
DA:46,0
DA:53,0
DA:56,0
DA:58,0
DA:65,0
DA:66,0
DA:78,0
DA:80,0
DA:81,0
DA:84,0
DA:85,0
DA:88,0
DA:89,0
DA:91,0
DA:95,0
DA:99,0
DA:106,0
DA:113,0
DA:125,0
DA:136,0
DA:138,0
DA:143,0
DA:144,0
LF:42
LH:0
BRDA:15,0,0,0
BRDA:15,0,1,0
BRDA:17,1,0,0
BRDA:17,2,0,0
BRDA:17,2,1,0
BRDA:69,3,0,0
BRDA:69,3,1,0
BRDA:80,4,0,0
BRDA:147,5,0,0
BRDA:147,5,1,0
BRF:10
BRH:0
end_of_record
TN:
SF:app/api/cron/scheduled-audits/route.ts
FN:13,POST
FN:52,GET
FNF:2
FNH:0
FNDA:0,POST
FNDA:0,GET
DA:4,0
DA:5,0
DA:6,0
DA:13,0
DA:14,0
DA:16,0
DA:18,0
DA:19,0
DA:22,0
DA:23,0
DA:25,0
DA:26,0
DA:30,0
DA:31,0
DA:33,0
DA:41,0
DA:42,0
DA:52,0
DA:53,0
DA:55,0
DA:57,0
DA:58,0
DA:61,0
DA:62,0
DA:64,0
DA:65,0
DA:69,0
DA:79,0
DA:85,0
DA:92,0
DA:93,0
LF:31
LH:0
BRDA:18,0,0,0
BRDA:18,1,0,0
BRDA:18,1,1,0
BRDA:25,2,0,0
BRDA:25,3,0,0
BRDA:25,3,1,0
BRDA:57,4,0,0
BRDA:57,5,0,0
BRDA:57,5,1,0
BRDA:64,6,0,0
BRDA:64,7,0,0
BRDA:64,7,1,0
BRF:12
BRH:0
end_of_record
TN:
SF:app/api/export/bulk/route.ts
FN:24,(anonymous_2)
FN:115,(anonymous_3)
FN:116,(anonymous_4)
FN:117,(anonymous_5)
FN:122,(anonymous_6)
FN:125,(anonymous_7)
FN:126,(anonymous_8)
FN:127,(anonymous_9)
FN:174,(anonymous_10)
FN:175,(anonymous_11)
FN:176,(anonymous_12)
FN:181,(anonymous_13)
FN:184,(anonymous_14)
FN:185,(anonymous_15)
FN:186,(anonymous_16)
FN:214,(anonymous_17)
FNF:16
FNH:0
FNDA:0,(anonymous_2)
FNDA:0,(anonymous_3)
FNDA:0,(anonymous_4)
FNDA:0,(anonymous_5)
FNDA:0,(anonymous_6)
FNDA:0,(anonymous_7)
FNDA:0,(anonymous_8)
FNDA:0,(anonymous_9)
FNDA:0,(anonymous_10)
FNDA:0,(anonymous_11)
FNDA:0,(anonymous_12)
FNDA:0,(anonymous_13)
FNDA:0,(anonymous_14)
FNDA:0,(anonymous_15)
FNDA:0,(anonymous_16)
FNDA:0,(anonymous_17)
DA:4,0
DA:5,0
DA:6,0
DA:7,0
DA:8,0
DA:9,0
DA:11,0
DA:12,0
DA:13,0
DA:14,0
DA:15,0
DA:17,0
DA:23,0
DA:29,0
DA:31,0
DA:45,0
DA:46,0
DA:49,0
DA:50,0
DA:54,0
DA:68,0
DA:69,0
DA:76,0
DA:79,0
DA:81,0
DA:82,0
DA:85,0
DA:86,0
DA:87,0
DA:89,0
DA:92,0
DA:93,0
DA:95,0
DA:96,0
DA:97,0
DA:100,0
DA:103,0
DA:104,0
DA:107,0
DA:109,0
DA:115,0
DA:116,0
DA:117,0
DA:118,0
DA:122,0
DA:123,0
DA:124,0
DA:125,0
DA:126,0
DA:127,0
DA:131,0
DA:134,0
DA:140,0
DA:142,0
DA:143,0
DA:145,0
DA:146,0
DA:147,0
DA:149,0
DA:152,0
DA:153,0
DA:154,0
DA:155,0
DA:156,0
DA:157,0
DA:159,0
DA:161,0
DA:162,0
DA:163,0
DA:165,0
DA:168,0
DA:174,0
DA:175,0
DA:176,0
DA:177,0
DA:181,0
DA:182,0
DA:183,0
DA:184,0
DA:185,0
DA:186,0
DA:190,0
DA:193,0
DA:202,0
DA:204,0
DA:205,0
DA:216,0
DA:217,0
DA:218,0
DA:219,0
DA:220,0
DA:226,0
DA:227,0
DA:228,0
LF:94
LH:0
BRDA:45,0,0,0
BRDA:45,1,0,0
BRDA:45,1,1,0
BRDA:45,1,2,0
BRDA:49,2,0,0
BRDA:49,3,0,0
BRDA:49,3,1,0
BRDA:68,4,0,0
BRDA:79,5,0,0
BRDA:79,5,1,0
BRDA:140,6,0,0
BRDA:140,7,0,0
BRDA:140,7,1,0
BRDA:154,8,0,0
BRDA:154,8,1,0
BRDA:217,9,0,0
BRDA:227,10,0,0
BRDA:227,10,1,0
BRF:18
BRH:0
end_of_record
TN:
SF:app/api/monitor/alerts/route.ts
FN:21,(anonymous_3)
FN:99,(anonymous_4)
FNF:2
FNH:0
FNDA:0,(anonymous_3)
FNDA:0,(anonymous_4)
DA:4,0
DA:5,0
DA:6,0
DA:7,0
DA:8,0
DA:10,0
DA:11,0
DA:13,0
DA:15,0
DA:20,0
DA:26,0
DA:28,0
DA:29,0
DA:30,0
DA:31,0
DA:32,0
DA:35,0
DA:41,0
DA:42,0
DA:46,0
DA:51,0
DA:52,0
DA:55,0
DA:56,0
DA:59,0
DA:60,0
DA:68,0
DA:70,0
DA:80,0
DA:81,0
DA:86,0
DA:98,0
DA:104,0
DA:106,0
DA:107,0
DA:108,0
DA:111,0
DA:114,0
DA:115,0
DA:118,0
DA:119,0
DA:123,0
DA:124,0
DA:130,0
DA:131,0
DA:135,0
DA:136,0
DA:137,0
DA:141,0
DA:153,0
DA:154,0
DA:161,0
DA:163,0
DA:164,0
DA:167,0
DA:169,0
DA:170,0
DA:175,0
LF:58
LH:0
BRDA:41,0,0,0
BRDA:42,1,0,0
BRDA:42,1,1,0
BRDA:51,2,0,0
BRDA:111,3,0,0
BRDA:111,3,1,0
BRDA:114,4,0,0
BRDA:114,5,0,0
BRDA:114,5,1,0
BRDA:114,5,2,0
BRDA:118,6,0,0
BRDA:130,7,0,0
BRDA:131,8,0,0
BRDA:131,8,1,0
BRDA:136,9,0,0
BRDA:153,10,0,0
BRDA:163,11,0,0
BRF:17
BRH:0
end_of_record
TN:
SF:app/api/monitor/config/route.ts
FN:21,(anonymous_4)
FN:98,(anonymous_5)
FN:189,(anonymous_6)
FNF:3
FNH:0
FNDA:0,(anonymous_4)
FNDA:0,(anonymous_5)
FNDA:0,(anonymous_6)
DA:4,0
DA:5,0
DA:6,0
DA:7,0
DA:8,0
DA:9,0
DA:11,0
DA:13,0
DA:15,0
DA:20,0
DA:26,0
DA:27,0
DA:28,0
DA:31,0
DA:32,0
DA:36,0
DA:46,0
DA:47,0
DA:54,0
DA:55,0
DA:58,0
DA:59,0
DA:70,0
DA:72,0
DA:73,0
DA:79,0
DA:80,0
DA:85,0
DA:97,0
DA:103,0
DA:105,0
DA:106,0
DA:107,0
DA:110,0
DA:111,0
DA:114,0
DA:115,0
DA:119,0
DA:120,0
DA:121,0
DA:127,0
DA:137,0
DA:138,0
DA:145,0
DA:147,0
DA:156,0
DA:158,0
DA:159,0
DA:165,0
DA:170,0
DA:171,0
DA:176,0
DA:188,0
DA:194,0
DA:195,0
DA:196,0
DA:199,0
DA:200,0
DA:204,0
DA:214,0
DA:215,0
DA:222,0
DA:224,0
DA:228,0
DA:229,0
DA:235,0
DA:240,0
DA:241,0
DA:246,0
LF:69
LH:0
BRDA:31,0,0,0
BRDA:46,1,0,0
BRDA:58,2,0,0
BRDA:110,3,0,0
BRDA:114,4,0,0
BRDA:119,5,0,0
BRDA:119,5,1,0
BRDA:120,6,0,0
BRDA:120,7,0,0
BRDA:120,7,1,0
BRDA:137,8,0,0
BRDA:151,9,0,0
BRDA:151,9,1,0
BRDA:153,10,0,0
BRDA:153,10,1,0
BRDA:199,11,0,0
BRDA:214,12,0,0
BRF:17
BRH:0
end_of_record
TN:
SF:app/api/monitor/continuous/route.ts
FN:20,(anonymous_1)
FN:114,(anonymous_2)
FN:127,(anonymous_3)
FN:176,(anonymous_4)
FNF:4
FNH:0
FNDA:0,(anonymous_1)
FNDA:0,(anonymous_2)
FNDA:0,(anonymous_3)
FNDA:0,(anonymous_4)
DA:4,0
DA:5,0
DA:6,0
DA:7,0
DA:8,0
DA:9,0
DA:11,0
DA:13,0
DA:19,0
DA:25,0
DA:26,0
DA:27,0
DA:28,0
DA:29,0
DA:32,0
DA:33,0
DA:37,0
DA:47,0
DA:48,0
DA:55,0
DA:56,0
DA:58,0
DA:59,0
DA:61,0
DA:62,0
DA:64,0
DA:65,0
DA:67,0
DA:68,0
DA:72,0
DA:76,0
DA:79,0
DA:113,0
DA:115,0
DA:116,0
DA:117,0
DA:122,0
DA:123,0
DA:124,0
DA:125,0
DA:127,0
DA:128,0
DA:130,0
DA:131,0
DA:132,0
DA:133,0
DA:135,0
DA:141,0
DA:146,0
DA:148,0
DA:164,0
DA:165,0
DA:170,0
DA:178,0
DA:179,0
DA:182,0
DA:183,0
DA:184,0
DA:185,0
DA:186,0
DA:187,0
DA:194,0
DA:195,0
DA:197,0
LF:64
LH:0
BRDA:28,0,0,0
BRDA:28,0,1,0
BRDA:29,1,0,0
BRDA:29,1,1,0
BRDA:32,2,0,0
BRDA:47,3,0,0
BRDA:56,4,0,0
BRDA:56,4,1,0
BRDA:56,4,2,0
BRDA:56,4,3,0
BRDA:56,4,4,0
BRDA:56,4,5,0
BRDA:83,5,0,0
BRDA:83,5,1,0
BRDA:113,6,0,0
BRDA:113,6,1,0
BRDA:123,7,0,0
BRDA:128,8,0,0
BRDA:128,9,0,0
BRDA:128,9,1,0
BRDA:133,10,0,0
BRDA:133,10,1,0
BRDA:156,11,0,0
BRDA:156,11,1,0
BRDA:179,12,0,0
BRDA:179,12,1,0
BRDA:184,13,0,0
BRDA:195,14,0,0
BRDA:195,14,1,0
BRF:29
BRH:0
end_of_record
TN:
SF:app/api/monitoring/route.ts
FN:14,(anonymous_4)
FN:72,(anonymous_5)
FN:135,POST_CRON
FNF:3
FNH:0
FNDA:0,(anonymous_4)
FNDA:0,(anonymous_5)
FNDA:0,POST_CRON
DA:5,0
DA:6,0
DA:7,0
DA:8,0
DA:9,0
DA:14,0
DA:19,0
DA:20,0
DA:22,0
DA:23,0
DA:30,0
DA:37,0
DA:38,0
DA:45,0
DA:55,0
DA:61,0
DA:62,0
DA:72,0
DA:77,0
DA:78,0
DA:79,0
DA:82,0
DA:88,0
DA:89,0
DA:93,0
DA:106,0
DA:118,0
DA:123,0
DA:124,0
DA:135,0
DA:136,0
DA:137,0
DA:140,0
DA:141,0
DA:148,0
DA:149,0
DA:152,0
DA:155,0
DA:156,0
DA:157,0
DA:160,0
DA:161,0
DA:163,0
DA:181,0
DA:187,0
DA:188,0
LF:46
LH:0
BRDA:22,0,0,0
BRDA:22,1,0,0
BRDA:22,1,1,0
BRDA:37,2,0,0
BRDA:50,3,0,0
BRDA:50,3,1,0
BRDA:51,4,0,0
BRDA:51,4,1,0
BRDA:88,5,0,0
BRDA:140,6,0,0
BRDA:156,7,0,0
BRDA:156,8,0,0
BRDA:156,8,1,0
BRDA:161,9,0,0
BRDA:161,10,0,0
BRDA:161,10,1,0
BRDA:161,10,2,0
BRDA:174,11,0,0
BRDA:174,11,1,0
BRF:19
BRH:0
end_of_record
TN:
SF:app/api/notifications/route.ts
FN:12,(anonymous_4)
FN:60,(anonymous_5)
FN:104,(anonymous_6)
FNF:3
FNH:0
FNDA:0,(anonymous_4)
FNDA:0,(anonymous_5)
FNDA:0,(anonymous_6)
DA:4,0
DA:5,0
DA:6,0
DA:7,0
DA:12,0
DA:17,0
DA:18,0
DA:19,0
DA:20,0
DA:21,0
DA:22,0
DA:24,0
DA:27,0
DA:36,0
DA:38,0
DA:49,0
DA:50,0
DA:60,0
DA:65,0
DA:66,0
DA:68,0
DA:70,0
DA:72,0
DA:74,0
DA:78,0
DA:80,0
DA:82,0
DA:88,0
DA:93,0
DA:94,0
DA:104,0
DA:109,0
DA:110,0
DA:112,0
DA:114,0
DA:116,0
DA:118,0
DA:122,0
DA:124,0
DA:126,0
DA:132,0
DA:137,0
DA:138,0
LF:43
LH:0
BRDA:19,0,0,0
BRDA:19,0,1,0
BRDA:20,1,0,0
BRDA:20,1,1,0
BRDA:31,2,0,0
BRDA:31,2,1,0
BRDA:70,3,0,0
BRDA:70,3,1,0
BRDA:78,4,0,0
BRDA:114,5,0,0
BRDA:114,5,1,0
BRDA:122,6,0,0
BRF:12
BRH:0
end_of_record
TN:
SF:app/api/notifications/[id]/read/route.ts
FN:4,PATCH
FNF:1
FNH:0
FNDA:0,PATCH
DA:1,0
DA:2,0
DA:4,0
DA:5,0
DA:6,0
DA:8,0
DA:9,0
DA:12,0
DA:14,0
DA:15,0
LF:10
LH:0
BRDA:8,0,0,0
BRF:1
BRH:0
end_of_record
TN:
SF:app/api/placeholder/[width]/[height]/route.ts
FN:9,GET
FN:42,generatePlaceholderSVG
FNF:2
FNH:0
FNDA:0,GET
FNDA:0,generatePlaceholderSVG
DA:1,0
DA:3,0
DA:4,0
DA:9,0
DA:13,0
DA:15,0
DA:16,0
DA:19,0
DA:22,0
DA:25,0
DA:34,0
DA:35,0
DA:44,0
DA:98,0
LF:14
LH:0
BRDA:15,0,0,0
BRDA:15,0,1,0
BRDA:16,1,0,0
BRDA:16,1,1,0
BRF:4
BRH:0
end_of_record
TN:
SF:app/api/schedules/route.ts
FN:4,GET
FN:19,POST
FNF:2
FNH:0
FNDA:0,GET
FNDA:0,POST
DA:1,0
DA:2,0
DA:4,0
DA:5,0
DA:6,0
DA:7,0
DA:8,0
DA:11,0
DA:12,0
DA:14,0
DA:15,0
DA:19,0
DA:20,0
DA:21,0
DA:22,0
DA:23,0
DA:26,0
DA:27,0
DA:30,0
DA:31,0
DA:34,0
DA:35,0
DA:38,0
DA:39,0
DA:42,0
DA:52,0
DA:54,0
DA:55,0
LF:28
LH:0
BRDA:7,0,0,0
BRDA:22,1,0,0
BRDA:30,2,0,0
BRDA:30,3,0,0
BRDA:30,3,1,0
BRDA:34,4,0,0
BRDA:34,5,0,0
BRDA:34,5,1,0
BRDA:38,6,0,0
BRDA:38,7,0,0
BRDA:38,7,1,0
BRDA:48,8,0,0
BRDA:48,8,1,0
BRDA:49,9,0,0
BRDA:49,9,1,0
BRF:15
BRH:0
end_of_record
TN:
SF:app/api/schedules/[id]/route.ts
FN:4,PATCH
FN:25,DELETE
FNF:2
FNH:0
FNDA:0,PATCH
FNDA:0,DELETE
DA:1,0
DA:2,0
DA:4,0
DA:5,0
DA:6,0
DA:7,0
DA:8,0
DA:11,0
DA:12,0
DA:14,0
DA:15,0
DA:18,0
DA:20,0
DA:21,0
DA:25,0
DA:26,0
DA:27,0
DA:28,0
DA:29,0
DA:32,0
DA:33,0
DA:35,0
DA:36,0
LF:23
LH:0
BRDA:7,0,0,0
BRDA:14,1,0,0
BRDA:28,2,0,0
BRF:3
BRH:0
end_of_record
TN:
SF:app/api/strapi/webhook/route.ts
FN:10,POST
FN:67,GET
FNF:2
FNH:0
FNDA:0,POST
FNDA:0,GET
DA:1,0
DA:2,0
DA:10,0
DA:11,0
DA:13,0
DA:14,0
DA:15,0
DA:17,0
DA:18,0
DA:19,0
DA:26,0
DA:28,0
DA:36,0
DA:39,0
DA:41,0
DA:52,0
DA:54,0
DA:67,0
DA:68,0
DA:69,0
DA:71,0
DA:73,0
DA:76,0
LF:23
LH:0
BRDA:14,0,0,0
BRDA:17,1,0,0
BRDA:17,2,0,0
BRDA:17,2,1,0
BRDA:57,3,0,0
BRDA:57,3,1,0
BRDA:71,4,0,0
BRF:7
BRH:0
end_of_record
TN:
SF:app/api/v1/audits/route.ts
FN:7,GET
FN:28,(anonymous_4)
FN:48,POST
FN:97,(anonymous_6)
FN:106,(anonymous_7)
FN:148,sendWebhook
FNF:6
FNH:0
FNDA:0,GET
FNDA:0,(anonymous_4)
FNDA:0,POST
FNDA:0,(anonymous_6)
FNDA:0,(anonymous_7)
FNDA:0,sendWebhook
DA:1,0
DA:4,0
DA:5,0
DA:7,0
DA:8,0
DA:9,0
DA:10,0
DA:11,0
DA:13,0
DA:15,0
DA:16,0
DA:17,0
DA:20,0
DA:21,0
DA:22,0
DA:26,0
DA:27,0
DA:28,0
DA:32,0
DA:34,0
DA:44,0
DA:48,0
DA:49,0
DA:51,0
DA:52,0
DA:53,0
DA:56,0
DA:57,0
DA:58,0
DA:61,0
DA:62,0
DA:65,0
DA:66,0
DA:70,0
DA:71,0
DA:73,0
DA:77,0
DA:78,0
DA:94,0
DA:97,0
DA:98,0
DA:103,0
DA:106,0
DA:107,0
DA:130,0
DA:133,0
DA:137,0
DA:144,0
DA:150,0
DA:152,0
DA:154,0
DA:155,0
DA:167,0
LF:53
LH:0
BRDA:10,0,0,0
BRDA:10,0,1,0
BRDA:11,1,0,0
BRDA:11,1,1,0
BRDA:16,2,0,0
BRDA:16,3,0,0
BRDA:16,3,1,0
BRDA:21,4,0,0
BRDA:27,5,0,0
BRDA:52,6,0,0
BRDA:52,7,0,0
BRDA:52,7,1,0
BRDA:57,8,0,0
BRDA:62,9,0,0
BRDA:65,10,0,0
BRDA:81,11,0,0
BRDA:81,11,1,0
BRF:17
BRH:0
end_of_record
TN:
SF:app/api/v1/audits/[id]/route.ts
FN:6,GET
FN:32,DELETE
FNF:2
FNH:0
FNDA:0,GET
FNDA:0,DELETE
DA:1,0
DA:4,0
DA:6,0
DA:7,0
DA:9,0
DA:10,0
DA:11,0
DA:14,0
DA:15,0
DA:16,0
DA:19,0
DA:20,0
DA:21,0
DA:24,0
DA:28,0
DA:32,0
DA:33,0
DA:35,0
DA:36,0
DA:37,0
DA:40,0
DA:41,0
DA:42,0
DA:45,0
DA:46,0
DA:47,0
DA:51,0
DA:52,0
DA:55,0
DA:57,0
DA:61,0
LF:31
LH:0
BRDA:10,0,0,0
BRDA:10,1,0,0
BRDA:10,1,1,0
BRDA:15,2,0,0
BRDA:20,3,0,0
BRDA:36,4,0,0
BRDA:36,5,0,0
BRDA:36,5,1,0
BRDA:41,6,0,0
BRDA:46,7,0,0
BRDA:51,8,0,0
BRDA:51,9,0,0
BRDA:51,9,1,0
BRF:13
BRH:0
end_of_record
TN:
SF:app/api/v1/webhooks/route.ts
FN:3,POST
FN:32,handleAuditCompleted
FN:40,handleAuditFailed
FN:47,handleWebsiteCreated
FNF:4
FNH:0
FNDA:0,POST
FNDA:0,handleAuditCompleted
FNDA:0,handleAuditFailed
FNDA:0,handleWebsiteCreated
DA:1,0
DA:3,0
DA:4,0
DA:5,0
DA:6,0
DA:8,0
DA:11,0
DA:13,0
DA:14,0
DA:16,0
DA:17,0
DA:19,0
DA:20,0
DA:22,0
DA:25,0
DA:27,0
DA:28,0
DA:33,0
DA:41,0
DA:48,0
LF:20
LH:0
BRDA:11,0,0,0
BRDA:11,0,1,0
BRDA:11,0,2,0
BRDA:11,0,3,0
BRF:4
BRH:0
end_of_record
TN:
SF:app/api/v1/websites/route.ts
FN:6,GET
FN:40,POST
FN:100,calculateNextAudit
FNF:3
FNH:0
FNDA:0,GET
FNDA:0,POST
FNDA:0,calculateNextAudit
DA:1,0
DA:4,0
DA:6,0
DA:7,0
DA:8,0
DA:9,0
DA:11,0
DA:13,0
DA:14,0
DA:15,0
DA:18,0
DA:19,0
DA:20,0
DA:23,0
DA:24,0
DA:26,0
DA:36,0
DA:40,0
DA:41,0
DA:43,0
DA:44,0
DA:45,0
DA:48,0
DA:49,0
DA:50,0
DA:53,0
DA:54,0
DA:57,0
DA:58,0
DA:62,0
DA:63,0
DA:65,0
DA:69,0
DA:70,0
DA:87,0
DA:89,0
DA:96,0
DA:101,0
DA:102,0
DA:104,0
DA:105,0
DA:107,0
DA:108,0
DA:110,0
DA:111,0
DA:113,0
DA:115,0
LF:47
LH:0
BRDA:8,0,0,0
BRDA:8,0,1,0
BRDA:9,1,0,0
BRDA:9,1,1,0
BRDA:14,2,0,0
BRDA:14,3,0,0
BRDA:14,3,1,0
BRDA:19,4,0,0
BRDA:44,5,0,0
BRDA:44,6,0,0
BRDA:44,6,1,0
BRDA:49,7,0,0
BRDA:54,8,0,0
BRDA:54,9,0,0
BRDA:54,10,0,0
BRDA:57,11,0,0
BRDA:57,12,0,0
BRDA:57,12,1,0
BRDA:74,13,0,0
BRDA:74,13,1,0
BRDA:102,14,0,0
BRDA:102,14,1,0
BRDA:102,14,2,0
BRDA:102,14,3,0
BRF:24
BRH:0
end_of_record
TN:
SF:app/api/websites/route.ts
FN:23,(anonymous_3)
FN:43,(anonymous_4)
FN:69,(anonymous_5)
FNF:3
FNH:0
FNDA:0,(anonymous_3)
FNDA:0,(anonymous_4)
FNDA:0,(anonymous_5)
DA:4,0
DA:5,0
DA:6,0
DA:7,0
DA:10,0
DA:23,0
DA:24,0
DA:26,0
DA:43,0
DA:58,0
DA:60,0
DA:61,0
DA:69,0
DA:70,0
DA:72,0
DA:73,0
DA:75,0
DA:76,0
DA:82,0
DA:85,0
DA:97,0
DA:99,0
DA:100,0
LF:23
LH:0
BRDA:53,0,0,0
BRDA:53,0,1,0
BRDA:54,1,0,0
BRDA:54,1,1,0
BRDA:75,2,0,0
BRF:5
BRH:0
end_of_record
TN:
SF:app/api/websites/[id]/route.ts
FN:4,GET
FN:19,PATCH
FN:36,DELETE
FNF:3
FNH:0
FNDA:0,GET
FNDA:0,PATCH
FNDA:0,DELETE
DA:1,0
DA:2,0
DA:4,0
DA:5,0
DA:6,0
DA:8,0
DA:9,0
DA:12,0
DA:14,0
DA:15,0
DA:19,0
DA:20,0
DA:21,0
DA:23,0
DA:25,0
DA:26,0
DA:29,0
DA:31,0
DA:32,0
DA:36,0
DA:37,0
DA:38,0
DA:39,0
DA:41,0
DA:42,0
LF:25
LH:0
BRDA:8,0,0,0
BRDA:25,1,0,0
BRF:2
BRH:0
end_of_record
TN:
SF:app/api/websites/[id]/audit/route.ts
FN:21,(anonymous_3)
FN:30,(anonymous_4)
FN:73,(anonymous_5)
FNF:3
FNH:0
FNDA:0,(anonymous_3)
FNDA:0,(anonymous_4)
FNDA:0,(anonymous_5)
DA:1,0
DA:2,0
DA:3,0
DA:4,0
DA:5,0
DA:8,0
DA:21,0
DA:26,0
DA:27,0
DA:30,0
DA:31,0
DA:33,0
DA:34,0
DA:38,0
DA:45,0
DA:46,0
DA:50,0
DA:53,0
DA:55,0
DA:61,0
DA:62,0
DA:73,0
DA:78,0
DA:79,0
DA:82,0
DA:89,0
DA:90,0
DA:94,0
DA:106,0
DA:108,0
DA:109,0
LF:31
LH:0
BRDA:33,0,0,0
BRDA:45,1,0,0
BRDA:64,2,0,0
BRDA:64,2,1,0
BRDA:89,3,0,0
BRF:5
BRH:0
end_of_record
TN:
SF:app/api/websites/[id]/audits/history/route.ts
FN:12,(anonymous_1)
FNF:1
FNH:0
FNDA:0,(anonymous_1)
DA:4,0
DA:5,0
DA:6,0
DA:7,0
DA:12,0
DA:17,0
DA:18,0
DA:21,0
DA:22,0
DA:25,0
DA:32,0
DA:33,0
DA:40,0
DA:41,0
DA:43,0
DA:45,0
DA:48,0
DA:50,0
DA:53,0
DA:55,0
DA:58,0
DA:61,0
DA:65,0
DA:89,0
DA:91,0
DA:92,0
LF:26
LH:0
BRDA:22,0,0,0
BRDA:22,0,1,0
BRDA:32,1,0,0
BRDA:43,2,0,0
BRDA:43,2,1,0
BRDA:43,2,2,0
BRDA:43,2,3,0
BRDA:70,3,0,0
BRDA:70,3,1,0
BRF:9
BRH:0
end_of_record
TN:
SF:app/api/websites/[id]/schedule/route.ts
FN:15,(anonymous_4)
FN:54,(anonymous_5)
FN:134,(anonymous_6)
FNF:3
FNH:0
FNDA:0,(anonymous_4)
FNDA:0,(anonymous_5)
FNDA:0,(anonymous_6)
DA:4,0
DA:5,0
DA:6,0
DA:7,0
DA:15,0
DA:20,0
DA:21,0
DA:24,0
DA:31,0
DA:32,0
DA:38,0
DA:39,0
DA:41,0
DA:43,0
DA:44,0
DA:54,0
DA:59,0
DA:60,0
DA:63,0
DA:70,0
DA:71,0
DA:78,0
DA:86,0
DA:88,0
DA:90,0
DA:91,0
DA:99,0
DA:106,0
DA:109,0
DA:115,0
DA:117,0
DA:123,0
DA:124,0
DA:134,0
DA:139,0
DA:140,0
DA:143,0
DA:150,0
DA:151,0
DA:157,0
DA:158,0
DA:161,0
DA:165,0
DA:169,0
DA:170,0
LF:45
LH:0
BRDA:31,0,0,0
BRDA:70,1,0,0
BRDA:88,2,0,0
BRDA:88,2,1,0
BRDA:90,3,0,0
BRDA:90,3,1,0
BRDA:94,4,0,0
BRDA:94,4,1,0
BRDA:102,5,0,0
BRDA:102,5,1,0
BRDA:150,6,0,0
BRF:11
BRH:0
end_of_record
TN:
SF:app/api/websites/[id]/schedule/history/route.ts
FN:12,(anonymous_1)
FNF:1
FNH:0
FNDA:0,(anonymous_1)
DA:4,0
DA:5,0
DA:6,0
DA:7,0
DA:12,0
DA:17,0
DA:18,0
DA:19,0
DA:20,0
DA:21,0
DA:24,0
DA:31,0
DA:32,0
DA:38,0
DA:39,0
DA:41,0
DA:43,0
DA:44,0
LF:18
LH:0
BRDA:20,0,0,0
BRDA:20,0,1,0
BRDA:21,1,0,0
BRDA:21,1,1,0
BRDA:31,2,0,0
BRF:5
BRH:0
end_of_record
TN:
SF:app/audit/page.tsx
FN:21,AuditPage
FN:30,(anonymous_2)
FN:67,(anonymous_3)
FN:72,(anonymous_4)
FN:77,(anonymous_5)
FN:86,(anonymous_6)
FNF:6
FNH:0
FNDA:0,AuditPage
FNDA:0,(anonymous_2)
FNDA:0,(anonymous_3)
FNDA:0,(anonymous_4)
FNDA:0,(anonymous_5)
FNDA:0,(anonymous_6)
DA:3,0
DA:4,0
DA:5,0
DA:6,0
DA:7,0
DA:8,0
DA:21,0
DA:22,0
DA:23,0
DA:24,0
DA:25,0
DA:26,0
DA:27,0
DA:28,0
DA:30,0
DA:31,0
DA:32,0
DA:34,0
DA:35,0
DA:47,0
DA:49,0
DA:50,0
DA:51,0
DA:52,0
DA:53,0
DA:55,0
DA:56,0
DA:59,0
DA:60,0
DA:61,0
DA:63,0
DA:67,0
DA:68,0
DA:69,0
DA:72,0
DA:73,0
DA:74,0
DA:77,0
DA:78,0
DA:79,0
DA:80,0
DA:81,0
DA:82,0
DA:83,0
DA:86,0
DA:87,0
DA:88,0
DA:90,0
LF:48
LH:0
BRDA:49,0,0,0
BRDA:49,0,1,0
BRDA:49,1,0,0
BRDA:49,1,1,0
BRDA:55,2,0,0
BRDA:55,2,1,0
BRDA:87,3,0,0
BRDA:87,3,1,0
BRDA:87,4,0,0
BRDA:87,4,1,0
BRDA:116,5,0,0
BRDA:279,6,0,0
BRDA:279,6,1,0
BRDA:288,7,0,0
BRDA:288,7,1,0
BRDA:295,8,0,0
BRF:16
BRH:0
end_of_record
TN:
SF:app/audit/[id]/page.tsx
FN:19,AuditPage
FN:30,(anonymous_3)
FN:35,(anonymous_4)
FN:71,(anonymous_5)
FNF:4
FNH:0
FNDA:0,AuditPage
FNDA:0,(anonymous_3)
FNDA:0,(anonymous_4)
FNDA:0,(anonymous_5)
DA:3,0
DA:4,0
DA:5,0
DA:6,0
DA:7,0
DA:8,0
DA:9,0
DA:10,0
DA:11,0
DA:19,0
DA:20,0
DA:21,0
DA:24,0
DA:30,0
DA:31,0
DA:32,0
DA:35,0
DA:36,0
DA:37,0
DA:38,0
DA:71,0
LF:21
LH:0
BRDA:36,0,0,0
BRDA:37,1,0,0
BRDA:75,2,0,0
BRDA:75,2,1,0
BRF:4
BRH:0
end_of_record
TN:
SF:app/blog/loading.tsx
FN:1,Loading
FNF:1
FNH:0
FNDA:0,Loading
DA:1,0
DA:2,0
LF:2
LH:0
BRF:0
BRH:0
end_of_record
TN:
SF:app/blog/page.tsx
FN:16,BlogPage
FN:135,(anonymous_2)
FN:155,(anonymous_3)
FN:189,(anonymous_4)
FN:203,(anonymous_5)
FN:207,(anonymous_6)
FN:215,(anonymous_7)
FN:265,(anonymous_8)
FNF:8
FNH:0
FNDA:0,BlogPage
FNDA:0,(anonymous_2)
FNDA:0,(anonymous_3)
FNDA:0,(anonymous_4)
FNDA:0,(anonymous_5)
FNDA:0,(anonymous_6)
FNDA:0,(anonymous_7)
FNDA:0,(anonymous_8)
DA:3,0
DA:8,0
DA:9,0
DA:10,0
DA:11,0
DA:12,0
DA:14,0
DA:16,0
DA:17,0
DA:18,0
DA:20,0
DA:33,0
DA:126,0
DA:135,0
DA:136,0
DA:138,0
DA:140,0
DA:142,0
DA:144,0
DA:146,0
DA:148,0
DA:150,0
DA:155,0
DA:157,0
DA:159,0
DA:160,0
DA:189,0
DA:203,0
DA:208,0
DA:215,0
DA:266,0
LF:31
LH:0
BRDA:136,0,0,0
BRDA:136,0,1,0
BRDA:136,0,2,0
BRDA:136,0,3,0
BRDA:136,0,4,0
BRDA:136,0,5,0
BRDA:136,0,6,0
BRDA:157,1,0,0
BRDA:157,1,1,0
BRDA:159,2,0,0
BRDA:159,2,1,0
BRDA:160,3,0,0
BRDA:160,3,1,0
BRDA:199,4,0,0
BRDA:199,4,1,0
BRDA:211,5,0,0
BRDA:211,5,1,0
BRDA:223,6,0,0
BRDA:300,7,0,0
BRDA:305,8,0,0
BRDA:305,8,1,0
BRF:21
BRH:0
end_of_record
TN:
SF:app/blog/[slug]/page.tsx
FN:14,BlogPostPage
FN:104,(anonymous_3)
FN:191,(anonymous_4)
FNF:3
FNH:0
FNDA:0,BlogPostPage
FNDA:0,(anonymous_3)
FNDA:0,(anonymous_4)
DA:3,0
DA:4,0
DA:5,0
DA:6,0
DA:7,0
DA:8,0
DA:9,0
DA:10,0
DA:11,0
DA:12,0
DA:14,0
DA:15,0
DA:16,0
DA:19,0
DA:90,0
DA:102,0
DA:104,0
DA:105,0
DA:107,0
DA:109,0
DA:111,0
DA:113,0
DA:115,0
DA:117,0
DA:119,0
DA:192,0
LF:26
LH:0
BRDA:90,0,0,0
BRDA:90,0,1,0
BRDA:102,1,0,0
BRDA:102,1,1,0
BRDA:105,2,0,0
BRDA:105,2,1,0
BRDA:105,2,2,0
BRDA:105,2,3,0
BRDA:105,2,4,0
BRDA:105,2,5,0
BRDA:105,2,6,0
BRDA:154,3,0,0
BRDA:154,3,1,0
BRDA:187,4,0,0
BRDA:187,4,1,0
BRF:15
BRH:0
end_of_record
TN:
SF:app/blog/category/[slug]/loading.tsx
FN:1,Loading
FNF:1
FNH:0
FNDA:0,Loading
DA:1,0
DA:2,0
LF:2
LH:0
BRF:0
BRH:0
end_of_record
TN:
SF:app/blog/category/[slug]/page.tsx
FN:15,CategoryPage
FN:128,(anonymous_3)
FN:132,(anonymous_4)
FN:137,(anonymous_5)
FN:156,(anonymous_6)
FN:176,(anonymous_7)
FN:204,(anonymous_8)
FN:244,(anonymous_9)
FN:305,(anonymous_10)
FN:316,(anonymous_11)
FNF:10
FNH:0
FNDA:0,CategoryPage
FNDA:0,(anonymous_3)
FNDA:0,(anonymous_4)
FNDA:0,(anonymous_5)
FNDA:0,(anonymous_6)
FNDA:0,(anonymous_7)
FNDA:0,(anonymous_8)
FNDA:0,(anonymous_9)
FNDA:0,(anonymous_10)
FNDA:0,(anonymous_11)
DA:3,0
DA:4,0
DA:5,0
DA:6,0
DA:7,0
DA:8,0
DA:9,0
DA:10,0
DA:11,0
DA:12,0
DA:13,0
DA:15,0
DA:16,0
DA:17,0
DA:18,0
DA:21,0
DA:30,0
DA:33,0
DA:128,0
DA:131,0
DA:133,0
DA:137,0
DA:138,0
DA:140,0
DA:142,0
DA:144,0
DA:146,0
DA:148,0
DA:150,0
DA:152,0
DA:156,0
DA:157,0
DA:175,0
DA:176,0
DA:204,0
DA:245,0
DA:306,0
DA:316,0
LF:38
LH:0
BRDA:30,0,0,0
BRDA:30,0,1,0
BRDA:133,1,0,0
BRDA:133,1,1,0
BRDA:138,2,0,0
BRDA:138,2,1,0
BRDA:138,2,2,0
BRDA:138,2,3,0
BRDA:138,2,4,0
BRDA:138,2,5,0
BRDA:138,2,6,0
BRDA:223,3,0,0
BRDA:223,3,1,0
BRDA:225,4,0,0
BRDA:225,4,1,0
BRDA:227,5,0,0
BRDA:227,5,1,0
BRDA:229,6,0,0
BRDA:229,6,1,0
BRDA:230,7,0,0
BRDA:230,7,1,0
BRDA:232,8,0,0
BRDA:232,8,1,0
BRDA:236,9,0,0
BRDA:236,9,1,0
BRDA:243,10,0,0
BRDA:251,11,0,0
BRDA:251,11,1,0
BRF:28
BRH:0
end_of_record
TN:
SF:app/case-studies/page.tsx
FN:102,CaseStudiesPage
FN:107,(anonymous_3)
FN:112,(anonymous_4)
FN:117,(anonymous_5)
FN:121,(anonymous_6)
FN:126,(anonymous_7)
FN:177,(anonymous_8)
FN:183,(anonymous_9)
FN:193,(anonymous_10)
FN:208,(anonymous_11)
FN:244,(anonymous_12)
FN:286,(anonymous_13)
FNF:12
FNH:0
FNDA:0,CaseStudiesPage
FNDA:0,(anonymous_3)
FNDA:0,(anonymous_4)
FNDA:0,(anonymous_5)
FNDA:0,(anonymous_6)
FNDA:0,(anonymous_7)
FNDA:0,(anonymous_8)
FNDA:0,(anonymous_9)
FNDA:0,(anonymous_10)
FNDA:0,(anonymous_11)
FNDA:0,(anonymous_12)
FNDA:0,(anonymous_13)
DA:3,0
DA:4,0
DA:5,0
DA:6,0
DA:7,0
DA:8,0
DA:9,0
DA:10,0
DA:11,0
DA:12,0
DA:32,0
DA:100,0
DA:102,0
DA:103,0
DA:104,0
DA:105,0
DA:107,0
DA:108,0
DA:109,0
DA:112,0
DA:113,0
DA:114,0
DA:117,0
DA:118,0
DA:120,0
DA:121,0
DA:124,0
DA:125,0
DA:127,0
DA:133,0
DA:177,0
DA:184,0
DA:193,0
DA:209,0
DA:245,0
DA:287,0
DA:288,0
DA:289,0
LF:38
LH:0
BRDA:120,0,0,0
BRDA:124,1,0,0
BRDA:127,2,0,0
BRDA:127,2,1,0
BRDA:127,2,2,0
BRDA:186,3,0,0
BRDA:186,3,1,0
BRDA:189,4,0,0
BRDA:189,4,1,0
BRDA:223,5,0,0
BRDA:282,6,0,0
BRF:11
BRH:0
end_of_record
TN:
SF:app/contact/page.tsx
FN:12,ContactPage
FN:20,(anonymous_2)
FN:26,(anonymous_3)
FNF:3
FNH:0
FNDA:0,ContactPage
FNDA:0,(anonymous_2)
FNDA:0,(anonymous_3)
DA:3,0
DA:4,0
DA:5,0
DA:6,0
DA:7,0
DA:8,0
DA:9,0
DA:10,0
DA:12,0
DA:13,0
DA:20,0
DA:21,0
DA:22,0
DA:26,0
DA:27,0
LF:15
LH:0
BRF:0
BRH:0
end_of_record
TN:
SF:app/cookie-preferences/page.tsx
FN:14,CookiePreferencesPage
FN:24,(anonymous_2)
FN:37,(anonymous_3)
FN:39,(anonymous_4)
FN:43,(anonymous_5)
FN:47,(anonymous_6)
FN:53,(anonymous_7)
FN:64,(anonymous_8)
FN:191,(anonymous_9)
FN:214,(anonymous_10)
FN:230,(anonymous_11)
FN:252,(anonymous_12)
FNF:12
FNH:0
FNDA:0,CookiePreferencesPage
FNDA:0,(anonymous_2)
FNDA:0,(anonymous_3)
FNDA:0,(anonymous_4)
FNDA:0,(anonymous_5)
FNDA:0,(anonymous_6)
FNDA:0,(anonymous_7)
FNDA:0,(anonymous_8)
FNDA:0,(anonymous_9)
FNDA:0,(anonymous_10)
FNDA:0,(anonymous_11)
FNDA:0,(anonymous_12)
DA:3,0
DA:4,0
DA:5,0
DA:6,0
DA:7,0
DA:8,0
DA:9,0
DA:10,0
DA:11,0
DA:12,0
DA:14,0
DA:15,0
DA:21,0
DA:22,0
DA:24,0
DA:26,0
DA:27,0
DA:28,0
DA:29,0
DA:30,0
DA:32,0
DA:37,0
DA:38,0
DA:39,0
DA:40,0
DA:43,0
DA:44,0
DA:45,0
DA:46,0
DA:47,0
DA:50,0
DA:53,0
DA:54,0
DA:60,0
DA:61,0
DA:64,0
DA:65,0
DA:71,0
DA:72,0
DA:75,0
DA:192,0
DA:193,0
DA:215,0
DA:230,0
DA:253,0
LF:45
LH:0
BRDA:27,0,0,0
BRDA:38,1,0,0
BRDA:147,2,0,0
BRDA:204,3,0,0
BRDA:255,4,0,0
BRDA:255,4,1,0
BRDA:257,5,0,0
BRDA:257,5,1,0
BRDA:267,6,0,0
BRF:9
BRH:0
end_of_record
TN:
SF:app/cookies/page.tsx
FN:6,CookiePolicyPage
FNF:1
FNH:0
FNDA:0,CookiePolicyPage
DA:2,0
DA:3,0
DA:4,0
DA:6,0
LF:4
LH:0
BRF:0
BRH:0
end_of_record
TN:
SF:app/dashboard/layout.tsx
FN:3,DashboardLayout
FNF:1
FNH:0
FNDA:0,DashboardLayout
DA:1,0
DA:3,0
LF:2
LH:0
BRF:0
BRH:0
end_of_record
TN:
SF:app/dashboard/page.tsx
FN:24,Dashboard
FN:55,(anonymous_2)
FN:68,(anonymous_3)
FN:145,(anonymous_4)
FNF:4
FNH:0
FNDA:0,Dashboard
FNDA:0,(anonymous_2)
FNDA:0,(anonymous_3)
FNDA:0,(anonymous_4)
DA:3,0
DA:4,0
DA:5,0
DA:6,0
DA:7,0
DA:8,0
DA:9,0
DA:22,0
DA:24,0
DA:25,0
DA:55,0
DA:56,0
DA:58,0
DA:60,0
DA:62,0
DA:64,0
DA:68,0
DA:69,0
DA:70,0
DA:71,0
DA:146,0
LF:21
LH:0
BRDA:56,0,0,0
BRDA:56,0,1,0
BRDA:56,0,2,0
BRDA:56,0,3,0
BRDA:69,1,0,0
BRDA:70,2,0,0
BRDA:159,3,0,0
BRDA:162,4,0,0
BRDA:168,5,0,0
BRDA:244,6,0,0
BRF:10
BRH:0
end_of_record
TN:
SF:app/export/page.tsx
FN:12,ExportCenterPage
FN:162,(anonymous_2)
FNF:2
FNH:0
FNDA:0,ExportCenterPage
FNDA:0,(anonymous_2)
DA:3,0
DA:4,0
DA:5,0
DA:6,0
DA:7,0
DA:8,0
DA:9,0
DA:10,0
DA:12,0
DA:13,0
DA:15,0
DA:22,0
DA:163,0
LF:13
LH:0
BRF:0
BRH:0
end_of_record
TN:
SF:app/features/page.tsx
FN:9,FeaturesPage
FN:101,(anonymous_2)
FN:110,(anonymous_3)
FNF:3
FNH:0
FNDA:0,FeaturesPage
FNDA:0,(anonymous_2)
FNDA:0,(anonymous_3)
DA:3,0
DA:4,0
DA:5,0
DA:6,0
DA:7,0
DA:9,0
DA:10,0
DA:102,0
DA:111,0
LF:9
LH:0
BRF:0
BRH:0
end_of_record
TN:
SF:app/gdpr/page.tsx
FN:4,GDPRCompliancePage
FNF:1
FNH:0
FNDA:0,GDPRCompliancePage
DA:2,0
DA:4,0
LF:2
LH:0
BRF:0
BRH:0
end_of_record
TN:
SF:app/help/loading.tsx
FN:1,Loading
FNF:1
FNH:0
FNDA:0,Loading
DA:1,0
DA:2,0
LF:2
LH:0
BRF:0
BRH:0
end_of_record
TN:
SF:app/help/page.tsx
FN:13,HelpPage
FN:108,(anonymous_3)
FN:118,(anonymous_4)
FN:134,(anonymous_5)
FN:155,(anonymous_6)
FNF:5
FNH:0
FNDA:0,HelpPage
FNDA:0,(anonymous_3)
FNDA:0,(anonymous_4)
FNDA:0,(anonymous_5)
FNDA:0,(anonymous_6)
DA:3,0
DA:4,0
DA:5,0
DA:6,0
DA:7,0
DA:8,0
DA:9,0
DA:10,0
DA:11,0
DA:13,0
DA:14,0
DA:16,0
DA:58,0
DA:108,0
DA:119,0
DA:135,0
DA:156,0
LF:17
LH:0
BRF:0
BRH:0
end_of_record
TN:
SF:app/image-test/page.tsx
FN:3,ImageTestPage
FNF:1
FNH:0
FNDA:0,ImageTestPage
DA:1,0
DA:3,0
LF:2
LH:0
BRF:0
BRH:0
end_of_record
TN:
SF:app/login/page.tsx
FN:15,LoginPage
FN:19,(anonymous_2)
FN:34,(anonymous_3)
FNF:3
FNH:0
FNDA:0,LoginPage
FNDA:0,(anonymous_2)
FNDA:0,(anonymous_3)
DA:5,0
DA:6,0
DA:7,0
DA:8,0
DA:9,0
DA:10,0
DA:11,0
DA:12,0
DA:13,0
DA:15,0
DA:16,0
DA:17,0
DA:19,0
DA:20,0
DA:21,0
DA:23,0
DA:24,0
DA:25,0
DA:27,0
DA:28,0
DA:30,0
DA:34,0
DA:35,0
DA:36,0
DA:38,0
DA:39,0
DA:40,0
DA:41,0
DA:43,0
DA:44,0
DA:46,0
LF:31
LH:0
BRDA:30,0,0,0
BRDA:30,0,1,0
BRDA:46,1,0,0
BRDA:46,1,1,0
BRDA:75,2,0,0
BRDA:111,3,0,0
BRDA:118,4,0,0
BRF:7
BRH:0
end_of_record
TN:
SF:app/pricing/page.tsx
FN:10,PricingPage
FN:87,(anonymous_2)
FN:115,(anonymous_3)
FNF:3
FNH:0
FNDA:0,PricingPage
FNDA:0,(anonymous_2)
FNDA:0,(anonymous_3)
DA:3,0
DA:4,0
DA:5,0
DA:6,0
DA:7,0
DA:8,0
DA:10,0
DA:11,0
DA:88,0
DA:116,0
LF:10
LH:0
BRDA:91,0,0,0
BRDA:91,0,1,0
BRDA:96,1,0,0
BRDA:108,2,0,0
BRDA:118,3,0,0
BRDA:124,4,0,0
BRDA:124,4,1,0
BRDA:135,5,0,0
BRDA:135,5,1,0
BRDA:139,6,0,0
BRDA:139,6,1,0
BRDA:141,7,0,0
BRDA:141,7,1,0
BRF:13
BRH:0
end_of_record
TN:
SF:app/privacy/page.tsx
FN:6,PrivacyPolicyPage
FNF:1
FNH:0
FNDA:0,PrivacyPolicyPage
DA:2,0
DA:3,0
DA:4,0
DA:6,0
LF:4
LH:0
BRF:0
BRH:0
end_of_record
TN:
SF:app/refund/page.tsx
FN:6,RefundPolicyPage
FNF:1
FNH:0
FNDA:0,RefundPolicyPage
DA:2,0
DA:3,0
DA:4,0
DA:6,0
LF:4
LH:0
BRF:0
BRH:0
end_of_record
TN:
SF:app/reports/loading.tsx
FN:1,Loading
FNF:1
FNH:0
FNDA:0,Loading
DA:1,0
DA:2,0
LF:2
LH:0
BRF:0
BRH:0
end_of_record
TN:
SF:app/reports/page.tsx
FN:29,ReportsPage
FN:92,(anonymous_3)
FN:105,(anonymous_4)
FN:111,(anonymous_5)
FN:124,(anonymous_6)
FN:207,(anonymous_7)
FN:246,(anonymous_8)
FNF:7
FNH:0
FNDA:0,ReportsPage
FNDA:0,(anonymous_3)
FNDA:0,(anonymous_4)
FNDA:0,(anonymous_5)
FNDA:0,(anonymous_6)
FNDA:0,(anonymous_7)
FNDA:0,(anonymous_8)
DA:3,0
DA:4,0
DA:5,0
DA:6,0
DA:7,0
DA:8,0
DA:9,0
DA:10,0
DA:26,0
DA:27,0
DA:29,0
DA:30,0
DA:31,0
DA:32,0
DA:34,0
DA:92,0
DA:93,0
DA:95,0
DA:97,0
DA:99,0
DA:101,0
DA:105,0
DA:106,0
DA:107,0
DA:108,0
DA:111,0
DA:112,0
DA:124,0
DA:125,0
DA:126,0
DA:127,0
DA:207,0
DA:247,0
LF:33
LH:0
BRDA:93,0,0,0
BRDA:93,0,1,0
BRDA:93,0,2,0
BRDA:93,0,3,0
BRDA:106,1,0,0
BRDA:107,2,0,0
BRDA:126,3,0,0
BRDA:126,3,1,0
BRDA:127,4,0,0
BRDA:127,4,1,0
BRDA:264,5,0,0
BRDA:273,6,0,0
BRDA:279,7,0,0
BRDA:361,8,0,0
BRDA:369,9,0,0
BRF:15
BRH:0
end_of_record
TN:
SF:app/reports/[id]/page.tsx
FN:34,ReportDetailPage
FN:122,(anonymous_3)
FN:128,(anonymous_4)
FN:135,(anonymous_5)
FN:148,(anonymous_6)
FN:161,(anonymous_7)
FN:240,(anonymous_8)
FN:262,(anonymous_9)
FN:372,(anonymous_10)
FN:408,(anonymous_11)
FN:409,(anonymous_12)
FN:428,(anonymous_13)
FN:450,(anonymous_14)
FN:451,(anonymous_15)
FN:473,(anonymous_16)
FN:490,(anonymous_17)
FNF:16
FNH:0
FNDA:0,ReportDetailPage
FNDA:0,(anonymous_3)
FNDA:0,(anonymous_4)
FNDA:0,(anonymous_5)
FNDA:0,(anonymous_6)
FNDA:0,(anonymous_7)
FNDA:0,(anonymous_8)
FNDA:0,(anonymous_9)
FNDA:0,(anonymous_10)
FNDA:0,(anonymous_11)
FNDA:0,(anonymous_12)
FNDA:0,(anonymous_13)
FNDA:0,(anonymous_14)
FNDA:0,(anonymous_15)
FNDA:0,(anonymous_16)
FNDA:0,(anonymous_17)
DA:3,0
DA:4,0
DA:5,0
DA:6,0
DA:7,0
DA:8,0
DA:9,0
DA:10,0
DA:29,0
DA:30,0
DA:31,0
DA:32,0
DA:34,0
DA:35,0
DA:38,0
DA:122,0
DA:123,0
DA:124,0
DA:125,0
DA:128,0
DA:129,0
DA:130,0
DA:131,0
DA:132,0
DA:135,0
DA:136,0
DA:138,0
DA:140,0
DA:142,0
DA:144,0
DA:148,0
DA:149,0
DA:151,0
DA:153,0
DA:155,0
DA:157,0
DA:161,0
DA:162,0
DA:164,0
DA:166,0
DA:168,0
DA:170,0
DA:241,0
DA:263,0
DA:264,0
DA:265,0
DA:373,0
DA:408,0
DA:410,0
DA:429,0
DA:450,0
DA:452,0
DA:474,0
DA:491,0
LF:54
LH:0
BRDA:123,0,0,0
BRDA:124,1,0,0
BRDA:130,2,0,0
BRDA:131,3,0,0
BRDA:136,4,0,0
BRDA:136,4,1,0
BRDA:136,4,2,0
BRDA:136,4,3,0
BRDA:149,5,0,0
BRDA:149,5,1,0
BRDA:149,5,2,0
BRDA:149,5,3,0
BRDA:162,6,0,0
BRDA:162,6,1,0
BRDA:162,6,2,0
BRDA:162,6,3,0
BRDA:377,7,0,0
BRDA:377,7,1,0
BRDA:377,8,0,0
BRDA:377,8,1,0
BRDA:381,9,0,0
BRDA:381,9,1,0
BRDA:381,10,0,0
BRDA:381,10,1,0
BRDA:385,11,0,0
BRDA:385,11,1,0
BRDA:387,12,0,0
BRDA:387,12,1,0
BRF:28
BRH:0
end_of_record
TN:
SF:app/reports/[id]/export/page.tsx
FN:32,ExportPage
FN:81,(anonymous_3)
FN:97,(anonymous_4)
FN:105,(anonymous_5)
FN:118,(anonymous_6)
FN:126,(anonymous_7)
FN:138,(anonymous_8)
FN:209,(anonymous_9)
FN:225,(anonymous_10)
FN:258,(anonymous_11)
FN:263,(anonymous_12)
FN:288,(anonymous_13)
FN:308,(anonymous_14)
FN:320,(anonymous_15)
FN:334,(anonymous_16)
FN:348,(anonymous_17)
FN:365,(anonymous_18)
FN:438,(anonymous_19)
FN:456,(anonymous_20)
FN:483,(anonymous_21)
FN:488,(anonymous_22)
FN:580,(anonymous_23)
FN:591,(anonymous_24)
FN:600,(anonymous_25)
FN:610,(anonymous_26)
FN:623,(anonymous_27)
FN:638,(anonymous_28)
FN:708,(anonymous_29)
FN:732,(anonymous_30)
FNF:29
FNH:0
FNDA:0,ExportPage
FNDA:0,(anonymous_3)
FNDA:0,(anonymous_4)
FNDA:0,(anonymous_5)
FNDA:0,(anonymous_6)
FNDA:0,(anonymous_7)
FNDA:0,(anonymous_8)
FNDA:0,(anonymous_9)
FNDA:0,(anonymous_10)
FNDA:0,(anonymous_11)
FNDA:0,(anonymous_12)
FNDA:0,(anonymous_13)
FNDA:0,(anonymous_14)
FNDA:0,(anonymous_15)
FNDA:0,(anonymous_16)
FNDA:0,(anonymous_17)
FNDA:0,(anonymous_18)
FNDA:0,(anonymous_19)
FNDA:0,(anonymous_20)
FNDA:0,(anonymous_21)
FNDA:0,(anonymous_22)
FNDA:0,(anonymous_23)
FNDA:0,(anonymous_24)
FNDA:0,(anonymous_25)
FNDA:0,(anonymous_26)
FNDA:0,(anonymous_27)
FNDA:0,(anonymous_28)
FNDA:0,(anonymous_29)
FNDA:0,(anonymous_30)
DA:3,0
DA:4,0
DA:5,0
DA:6,0
DA:7,0
DA:8,0
DA:9,0
DA:10,0
DA:11,0
DA:12,0
DA:13,0
DA:27,0
DA:28,0
DA:29,0
DA:30,0
DA:32,0
DA:33,0
DA:34,0
DA:35,0
DA:36,0
DA:39,0
DA:61,0
DA:72,0
DA:81,0
DA:82,0
DA:83,0
DA:86,0
DA:96,0
DA:97,0
DA:98,0
DA:101,0
DA:102,0
DA:105,0
DA:106,0
DA:107,0
DA:109,0
DA:117,0
DA:118,0
DA:119,0
DA:122,0
DA:123,0
DA:126,0
DA:127,0
DA:128,0
DA:130,0
DA:137,0
DA:138,0
DA:139,0
DA:142,0
DA:143,0
DA:209,0
DA:225,0
DA:259,0
DA:264,0
DA:288,0
DA:308,0
DA:321,0
DA:335,0
DA:349,0
DA:366,0
DA:438,0
DA:456,0
DA:484,0
DA:489,0
DA:580,0
DA:591,0
DA:600,0
DA:611,0
DA:624,0
DA:638,0
DA:708,0
DA:732,0
LF:72
LH:0
BRDA:302,0,0,0
BRDA:401,1,0,0
BRDA:401,1,1,0
BRDA:510,2,0,0
BRDA:510,2,1,0
BRDA:531,3,0,0
BRDA:531,3,1,0
BRDA:555,4,0,0
BRDA:555,4,1,0
BRDA:632,5,0,0
BRDA:657,6,0,0
BRDA:657,6,1,0
BRDA:666,7,0,0
BRDA:683,8,0,0
BRDA:683,8,1,0
BRDA:687,9,0,0
BRDA:687,9,1,0
BRDA:690,10,0,0
BRDA:690,10,1,0
BRDA:707,11,0,0
BRDA:712,12,0,0
BRDA:719,13,0,0
BRDA:719,13,1,0
BRDA:719,14,0,0
BRDA:719,14,1,0
BRDA:720,15,0,0
BRDA:720,15,1,0
BRDA:723,16,0,0
BRF:28
BRH:0
end_of_record
TN:
SF:app/settings/page.tsx
FN:32,SettingsPage
FN:78,(anonymous_2)
FN:83,(anonymous_3)
FN:88,(anonymous_4)
FN:93,(anonymous_5)
FN:98,(anonymous_6)
FN:174,(anonymous_7)
FN:182,(anonymous_8)
FN:193,(anonymous_9)
FN:203,(anonymous_10)
FN:211,(anonymous_11)
FN:221,(anonymous_12)
FN:232,(anonymous_13)
FN:252,(anonymous_14)
FN:305,(anonymous_15)
FN:320,(anonymous_16)
FN:335,(anonymous_17)
FN:370,(anonymous_18)
FN:378,(anonymous_19)
FN:421,(anonymous_20)
FN:449,(anonymous_21)
FN:470,(anonymous_22)
FN:580,(anonymous_23)
FN:632,(anonymous_24)
FN:659,(anonymous_25)
FN:689,(anonymous_26)
FN:693,(anonymous_27)
FN:703,(anonymous_28)
FN:704,(anonymous_29)
FN:716,(anonymous_30)
FNF:30
FNH:0
FNDA:0,SettingsPage
FNDA:0,(anonymous_2)
FNDA:0,(anonymous_3)
FNDA:0,(anonymous_4)
FNDA:0,(anonymous_5)
FNDA:0,(anonymous_6)
FNDA:0,(anonymous_7)
FNDA:0,(anonymous_8)
FNDA:0,(anonymous_9)
FNDA:0,(anonymous_10)
FNDA:0,(anonymous_11)
FNDA:0,(anonymous_12)
FNDA:0,(anonymous_13)
FNDA:0,(anonymous_14)
FNDA:0,(anonymous_15)
FNDA:0,(anonymous_16)
FNDA:0,(anonymous_17)
FNDA:0,(anonymous_18)
FNDA:0,(anonymous_19)
FNDA:0,(anonymous_20)
FNDA:0,(anonymous_21)
FNDA:0,(anonymous_22)
FNDA:0,(anonymous_23)
FNDA:0,(anonymous_24)
FNDA:0,(anonymous_25)
FNDA:0,(anonymous_26)
FNDA:0,(anonymous_27)
FNDA:0,(anonymous_28)
FNDA:0,(anonymous_29)
FNDA:0,(anonymous_30)
DA:3,0
DA:4,0
DA:5,0
DA:6,0
DA:7,0
DA:8,0
DA:9,0
DA:10,0
DA:11,0
DA:12,0
DA:13,0
DA:14,0
DA:15,0
DA:30,0
DA:32,0
DA:33,0
DA:34,0
DA:37,0
DA:50,0
DA:63,0
DA:71,0
DA:78,0
DA:79,0
DA:83,0
DA:84,0
DA:88,0
DA:89,0
DA:93,0
DA:94,0
DA:98,0
DA:99,0
DA:100,0
DA:174,0
DA:182,0
DA:193,0
DA:203,0
DA:211,0
DA:221,0
DA:232,0
DA:252,0
DA:306,0
DA:321,0
DA:336,0
DA:371,0
DA:379,0
DA:422,0
DA:450,0
DA:471,0
DA:581,0
DA:632,0
DA:659,0
DA:690,0
DA:694,0
DA:695,0
DA:696,0
DA:704,0
DA:705,0
DA:717,0
LF:58
LH:0
BRDA:426,0,0,0
BRDA:624,1,0,0
BRDA:624,1,1,0
BRDA:635,2,0,0
BRF:4
BRH:0
end_of_record
TN:
SF:app/signup/page.tsx
FN:13,SignupPage
FN:24,(anonymous_3)
FN:31,(anonymous_4)
FN:33,(anonymous_5)
FN:113,(anonymous_6)
FN:140,(anonymous_7)
FN:152,(anonymous_8)
FN:152,(anonymous_9)
FNF:8
FNH:0
FNDA:0,SignupPage
FNDA:0,(anonymous_3)
FNDA:0,(anonymous_4)
FNDA:0,(anonymous_5)
FNDA:0,(anonymous_6)
FNDA:0,(anonymous_7)
FNDA:0,(anonymous_8)
FNDA:0,(anonymous_9)
DA:5,0
DA:6,0
DA:7,0
DA:8,0
DA:9,0
DA:10,0
DA:11,0
DA:13,0
DA:14,0
DA:21,0
DA:22,0
DA:24,0
DA:25,0
DA:26,0
DA:28,0
DA:31,0
DA:32,0
DA:33,0
DA:113,0
DA:140,0
DA:152,0
LF:21
LH:0
BRDA:35,0,0,0
BRDA:35,0,1,0
BRDA:101,1,0,0
BRDA:101,1,1,0
BRDA:115,2,0,0
BRDA:128,3,0,0
BRDA:128,3,1,0
BRDA:142,4,0,0
BRF:8
BRH:0
end_of_record
TN:
SF:app/terms/page.tsx
FN:6,TermsOfServicePage
FNF:1
FNH:0
FNDA:0,TermsOfServicePage
DA:2,0
DA:3,0
DA:4,0
DA:6,0
LF:4
LH:0
BRF:0
BRH:0
end_of_record
TN:
SF:app/test/page.tsx
FN:16,TestPage
FNF:1
FNH:0
FNDA:0,TestPage
DA:3,0
DA:4,0
DA:5,0
DA:6,0
DA:7,0
DA:8,0
DA:9,0
DA:10,0
DA:11,0
DA:12,0
DA:13,0
DA:14,0
DA:16,0
DA:17,0
LF:14
LH:0
BRDA:59,0,0,0
BRDA:71,1,0,0
BRDA:83,2,0,0
BRDA:95,3,0,0
BRDA:107,4,0,0
BRF:5
BRH:0
end_of_record
TN:
SF:app/test-images/page.tsx
FN:7,TestImagesPage
FN:47,(anonymous_2)
FN:49,(anonymous_3)
FN:65,(anonymous_4)
FNF:4
FNH:0
FNDA:0,TestImagesPage
FNDA:0,(anonymous_2)
FNDA:0,(anonymous_3)
FNDA:0,(anonymous_4)
DA:3,0
DA:4,0
DA:5,0
DA:7,0
DA:8,0
DA:11,0
DA:47,0
DA:48,0
DA:49,0
DA:50,0
DA:66,0
LF:11
LH:0
BRDA:60,0,0,0
BRDA:60,0,1,0
BRF:2
BRH:0
end_of_record
TN:
SF:app/tools/content-audit/page.tsx
FN:7,ContentAuditPage
FNF:1
FNH:0
FNDA:0,ContentAuditPage
DA:3,0
DA:4,0
DA:5,0
DA:7,0
LF:4
LH:0
BRF:0
BRH:0
end_of_record
TN:
SF:app/tools/performance/page.tsx
FN:7,PerformancePage
FNF:1
FNH:0
FNDA:0,PerformancePage
DA:3,0
DA:4,0
DA:5,0
DA:7,0
LF:4
LH:0
BRF:0
BRH:0
end_of_record
TN:
SF:app/tools/security/page.tsx
FN:7,SecurityPage
FNF:1
FNH:0
FNDA:0,SecurityPage
DA:3,0
DA:4,0
DA:5,0
DA:7,0
LF:4
LH:0
BRF:0
BRH:0
end_of_record
TN:
SF:app/tools/seo-audit/loading.tsx
FN:1,Loading
FNF:1
FNH:0
FNDA:0,Loading
DA:1,0
DA:2,0
LF:2
LH:0
BRF:0
BRH:0
end_of_record
TN:
SF:app/tools/seo-audit/page.tsx
FN:15,SeoAuditPage
FN:20,(anonymous_2)
FN:25,(anonymous_3)
FN:110,(anonymous_4)
FN:206,(anonymous_5)
FN:249,(anonymous_6)
FN:376,(anonymous_7)
FNF:7
FNH:0
FNDA:0,SeoAuditPage
FNDA:0,(anonymous_2)
FNDA:0,(anonymous_3)
FNDA:0,(anonymous_4)
FNDA:0,(anonymous_5)
FNDA:0,(anonymous_6)
FNDA:0,(anonymous_7)
DA:5,0
DA:6,0
DA:7,0
DA:8,0
DA:9,0
DA:10,0
DA:11,0
DA:12,0
DA:13,0
DA:15,0
DA:16,0
DA:17,0
DA:18,0
DA:20,0
DA:21,0
DA:22,0
DA:25,0
DA:26,0
DA:27,0
DA:32,0
DA:110,0
DA:207,0
DA:250,0
DA:377,0
LF:24
LH:0
BRDA:117,0,0,0
BRDA:132,1,0,0
BRDA:210,2,0,0
BRDA:210,2,1,0
BRDA:212,3,0,0
BRDA:212,3,1,0
BRDA:221,4,0,0
BRDA:223,5,0,0
BRDA:233,6,0,0
BRDA:233,6,1,0
BRDA:235,7,0,0
BRDA:235,7,1,0
BRDA:245,8,0,0
BRDA:254,9,0,0
BRF:14
BRH:0
end_of_record
TN:
SF:app/tools/ux-analysis/page.tsx
FN:7,UXAnalysisPage
FNF:1
FNH:0
FNDA:0,UXAnalysisPage
DA:3,0
DA:4,0
DA:5,0
DA:7,0
LF:4
LH:0
BRF:0
BRH:0
end_of_record
TN:
SF:app/websites/loading.tsx
FN:1,WebsitesLoading
FN:13,(anonymous_2)
FN:35,(anonymous_3)
FN:56,(anonymous_4)
FN:65,(anonymous_5)
FNF:5
FNH:0
FNDA:0,WebsitesLoading
FNDA:0,(anonymous_2)
FNDA:0,(anonymous_3)
FNDA:0,(anonymous_4)
FNDA:0,(anonymous_5)
DA:1,0
DA:14,0
DA:36,0
DA:57,0
DA:66,0
LF:5
LH:0
BRF:0
BRH:0
end_of_record
TN:
SF:app/websites/page.tsx
FN:33,WebsitesPage
FN:106,(anonymous_2)
FN:119,(anonymous_3)
FN:125,(anonymous_4)
FN:131,(anonymous_5)
FN:139,(anonymous_6)
FN:144,(anonymous_7)
FN:149,(anonymous_8)
FN:163,(anonymous_9)
FN:182,(anonymous_10)
FN:204,(anonymous_11)
FN:231,(anonymous_12)
FN:235,(anonymous_13)
FN:239,(anonymous_14)
FN:253,(anonymous_15)
FN:314,(anonymous_16)
FN:342,(anonymous_17)
FN:361,(anonymous_18)
FNF:18
FNH:0
FNDA:0,WebsitesPage
FNDA:0,(anonymous_2)
FNDA:0,(anonymous_3)
FNDA:0,(anonymous_4)
FNDA:0,(anonymous_5)
FNDA:0,(anonymous_6)
FNDA:0,(anonymous_7)
FNDA:0,(anonymous_8)
FNDA:0,(anonymous_9)
FNDA:0,(anonymous_10)
FNDA:0,(anonymous_11)
FNDA:0,(anonymous_12)
FNDA:0,(anonymous_13)
FNDA:0,(anonymous_14)
FNDA:0,(anonymous_15)
FNDA:0,(anonymous_16)
FNDA:0,(anonymous_17)
FNDA:0,(anonymous_18)
DA:3,0
DA:4,0
DA:5,0
DA:6,0
DA:7,0
DA:8,0
DA:9,0
DA:10,0
DA:11,0
DA:28,0
DA:29,0
DA:30,0
DA:31,0
DA:33,0
DA:34,0
DA:35,0
DA:36,0
DA:37,0
DA:39,0
DA:106,0
DA:107,0
DA:109,0
DA:111,0
DA:113,0
DA:115,0
DA:119,0
DA:120,0
DA:121,0
DA:122,0
DA:125,0
DA:131,0
DA:133,0
DA:135,0
DA:136,0
DA:139,0
DA:140,0
DA:144,0
DA:145,0
DA:149,0
DA:150,0
DA:163,0
DA:182,0
DA:205,0
DA:231,0
DA:235,0
DA:239,0
DA:253,0
DA:315,0
DA:342,0
DA:361,0
LF:50
LH:0
BRDA:107,0,0,0
BRDA:107,0,1,0
BRDA:107,0,2,0
BRDA:107,0,3,0
BRDA:120,1,0,0
BRDA:121,2,0,0
BRDA:133,3,0,0
BRDA:133,3,1,0
BRDA:135,4,0,0
BRDA:135,4,1,0
BRDA:136,5,0,0
BRDA:136,5,1,0
BRDA:219,6,0,0
BRDA:220,7,0,0
BRDA:221,8,0,0
BRDA:241,9,0,0
BRDA:272,10,0,0
BRDA:272,10,1,0
BRDA:304,11,0,0
BRDA:330,12,0,0
BRDA:337,13,0,0
BRDA:337,13,1,0
BRDA:337,14,0,0
BRDA:337,14,1,0
BRDA:341,15,0,0
BRDA:341,15,1,0
BRDA:357,16,0,0
BRDA:361,17,0,0
BRDA:361,17,1,0
BRF:29
BRH:0
end_of_record
TN:
SF:lib/auth-config.ts
FN:32,(anonymous_4)
FN:71,(anonymous_5)
FN:80,(anonymous_6)
FN:102,getCurrentUser
FNF:4
FNH:0
FNDA:0,(anonymous_4)
FNDA:0,(anonymous_5)
FNDA:0,(anonymous_6)
FNDA:0,getCurrentUser
DA:6,0
DA:7,0
DA:8,0
DA:9,0
DA:10,0
DA:11,0
DA:13,0
DA:15,0
DA:33,0
DA:34,0
DA:37,0
DA:43,0
DA:44,0
DA:47,0
DA:49,0
DA:50,0
DA:53,0
DA:72,0
DA:73,0
DA:74,0
DA:75,0
DA:76,0
DA:78,0
DA:81,0
DA:82,0
DA:84,0
DA:102,0
DA:103,0
DA:104,0
DA:108,0
LF:30
LH:0
BRDA:33,0,0,0
BRDA:33,1,0,0
BRDA:33,1,1,0
BRDA:43,2,0,0
BRDA:43,3,0,0
BRDA:43,3,1,0
BRDA:49,4,0,0
BRDA:62,5,0,0
BRDA:62,5,1,0
BRDA:63,6,0,0
BRDA:63,6,1,0
BRDA:66,7,0,0
BRDA:66,7,1,0
BRDA:67,8,0,0
BRDA:67,8,1,0
BRDA:72,9,0,0
BRDA:81,10,0,0
BRF:17
BRH:0
end_of_record
TN:
SF:lib/auth-utils.ts
FN:14,withAuth
FN:21,(anonymous_5)
FN:59,getAuthenticatedUser
FN:92,getUserIdFromHeader
FNF:4
FNH:0
FNDA:0,withAuth
FNDA:0,(anonymous_5)
FNDA:0,getAuthenticatedUser
FNDA:0,getUserIdFromHeader
DA:4,0
DA:5,0
DA:6,0
DA:7,0
DA:14,0
DA:21,0
DA:22,0
DA:24,0
DA:25,0
DA:26,0
DA:30,0
DA:35,0
DA:36,0
DA:40,0
DA:43,0
DA:45,0
DA:46,0
DA:59,0
DA:60,0
DA:62,0
DA:63,0
DA:64,0
DA:68,0
DA:73,0
DA:74,0
DA:78,0
DA:80,0
DA:82,0
DA:83,0
DA:92,0
DA:93,0
DA:94,0
DA:95,0
DA:96,0
DA:100,0
DA:105,0
DA:106,0
DA:110,0
DA:112,0
DA:114,0
DA:115,0
LF:41
LH:0
BRDA:25,0,0,0
BRDA:35,1,0,0
BRDA:63,2,0,0
BRDA:73,3,0,0
BRDA:95,4,0,0
BRDA:105,5,0,0
BRF:6
BRH:0
end_of_record
TN:
SF:lib/auth.ts
FN:51,(anonymous_3)
FN:79,(anonymous_4)
FN:89,(anonymous_5)
FN:108,(anonymous_6)
FN:113,(anonymous_7)
FN:118,(anonymous_8)
FN:123,(anonymous_9)
FN:131,(anonymous_10)
FN:133,(anonymous_11)
FN:161,(anonymous_12)
FN:163,(anonymous_13)
FN:184,(anonymous_14)
FN:190,(anonymous_15)
FN:198,(anonymous_16)
FN:199,(anonymous_17)
FN:202,(anonymous_18)
FN:203,(anonymous_19)
FNF:17
FNH:0
FNDA:0,(anonymous_3)
FNDA:0,(anonymous_4)
FNDA:0,(anonymous_5)
FNDA:0,(anonymous_6)
FNDA:0,(anonymous_7)
FNDA:0,(anonymous_8)
FNDA:0,(anonymous_9)
FNDA:0,(anonymous_10)
FNDA:0,(anonymous_11)
FNDA:0,(anonymous_12)
FNDA:0,(anonymous_13)
FNDA:0,(anonymous_14)
FNDA:0,(anonymous_15)
FNDA:0,(anonymous_16)
FNDA:0,(anonymous_17)
FNDA:0,(anonymous_18)
FNDA:0,(anonymous_19)
DA:19,0
DA:41,0
DA:52,0
DA:54,0
DA:55,0
DA:56,0
DA:58,0
DA:59,0
DA:61,0
DA:69,0
DA:80,0
DA:81,0
DA:82,0
DA:83,0
DA:84,0
DA:85,0
DA:87,0
DA:90,0
DA:91,0
DA:92,0
DA:93,0
DA:94,0
DA:95,0
DA:97,0
DA:107,0
DA:110,0
DA:115,0
DA:120,0
DA:124,0
DA:125,0
DA:127,0
DA:133,0
DA:134,0
DA:135,0
DA:139,0
DA:149,0
DA:152,0
DA:158,0
DA:163,0
DA:164,0
DA:165,0
DA:169,0
DA:170,0
DA:171,0
DA:175,0
DA:181,0
DA:185,0
DA:186,0
DA:187,0
DA:190,0
DA:191,0
DA:192,0
DA:195,0
DA:199,0
DA:203,0
LF:55
LH:0
BRDA:52,0,0,0
BRDA:52,1,0,0
BRDA:52,1,1,0
BRDA:56,2,0,0
BRDA:59,3,0,0
BRDA:80,4,0,0
BRDA:90,5,0,0
BRDA:104,6,0,0
BRDA:104,6,1,0
BRDA:134,7,0,0
BRDA:164,8,0,0
BRDA:170,9,0,0
BRDA:186,10,0,0
BRDA:191,11,0,0
BRDA:199,12,0,0
BRDA:199,12,1,0
BRDA:203,13,0,0
BRDA:203,13,1,0
BRF:18
BRH:0
end_of_record
TN:
SF:lib/browser-module-shim.js
FN:19,(anonymous_0)
FN:21,(anonymous_1)
FN:22,(anonymous_2)
FN:23,(anonymous_3)
FN:24,(anonymous_4)
FN:25,(anonymous_5)
FN:26,(anonymous_6)
FN:27,(anonymous_7)
FN:29,(anonymous_8)
FN:30,(anonymous_9)
FN:31,(anonymous_10)
FN:32,(anonymous_11)
FN:34,(anonymous_12)
FN:34,(anonymous_13)
FN:54,(anonymous_14)
FN:55,(anonymous_15)
FN:58,(anonymous_16)
FN:59,(anonymous_17)
FN:60,(anonymous_18)
FN:61,(anonymous_19)
FN:62,(anonymous_20)
FN:63,(anonymous_21)
FN:65,(anonymous_22)
FN:70,(anonymous_23)
FN:81,(anonymous_24)
FN:95,(anonymous_25)
FN:110,(anonymous_26)
FN:122,(anonymous_27)
FNF:28
FNH:0
FNDA:0,(anonymous_0)
FNDA:0,(anonymous_1)
FNDA:0,(anonymous_2)
FNDA:0,(anonymous_3)
FNDA:0,(anonymous_4)
FNDA:0,(anonymous_5)
FNDA:0,(anonymous_6)
FNDA:0,(anonymous_7)
FNDA:0,(anonymous_8)
FNDA:0,(anonymous_9)
FNDA:0,(anonymous_10)
FNDA:0,(anonymous_11)
FNDA:0,(anonymous_12)
FNDA:0,(anonymous_13)
FNDA:0,(anonymous_14)
FNDA:0,(anonymous_15)
FNDA:0,(anonymous_16)
FNDA:0,(anonymous_17)
FNDA:0,(anonymous_18)
FNDA:0,(anonymous_19)
FNDA:0,(anonymous_20)
FNDA:0,(anonymous_21)
FNDA:0,(anonymous_22)
FNDA:0,(anonymous_23)
FNDA:0,(anonymous_24)
FNDA:0,(anonymous_25)
FNDA:0,(anonymous_26)
FNDA:0,(anonymous_27)
DA:5,0
DA:7,0
DA:8,0
DA:12,0
DA:13,0
DA:17,0
DA:18,0
DA:19,0
DA:22,0
DA:27,0
DA:31,0
DA:32,0
DA:39,0
DA:40,0
DA:48,0
DA:49,0
DA:54,0
DA:57,0
DA:58,0
DA:59,0
DA:60,0
DA:61,0
DA:62,0
DA:63,0
DA:65,0
DA:69,0
DA:70,0
DA:80,0
DA:81,0
DA:94,0
DA:95,0
DA:96,0
DA:97,0
DA:101,0
DA:102,0
DA:105,0
DA:110,0
DA:111,0
DA:115,0
DA:123,0
LF:40
LH:0
BRDA:5,0,0,0
BRDA:7,1,0,0
BRDA:12,2,0,0
BRDA:17,3,0,0
BRDA:39,4,0,0
BRDA:48,5,0,0
BRDA:57,6,0,0
BRDA:57,7,0,0
BRDA:57,7,1,0
BRDA:69,8,0,0
BRDA:69,9,0,0
BRDA:69,9,1,0
BRDA:80,10,0,0
BRDA:80,11,0,0
BRDA:80,11,1,0
BRDA:94,12,0,0
BRDA:101,13,0,0
BRDA:101,14,0,0
BRDA:101,14,1,0
BRDA:101,14,2,0
BRF:20
BRH:0
end_of_record
TN:
SF:lib/browser-shim.js
FN:14,(anonymous_1)
FN:15,(anonymous_2)
FN:16,(anonymous_3)
FN:17,(anonymous_4)
FN:18,(anonymous_5)
FN:20,(anonymous_6)
FN:20,(anonymous_7)
FN:32,setupBrowserShim
FNF:8
FNH:0
FNDA:0,(anonymous_1)
FNDA:0,(anonymous_2)
FNDA:0,(anonymous_3)
FNDA:0,(anonymous_4)
FNDA:0,(anonymous_5)
FNDA:0,(anonymous_6)
FNDA:0,(anonymous_7)
FNDA:0,setupBrowserShim
DA:4,0
DA:5,0
DA:8,0
DA:9,0
DA:12,0
DA:13,0
DA:14,0
DA:17,0
DA:18,0
DA:24,0
DA:25,0
DA:32,0
DA:33,0
LF:13
LH:0
BRDA:4,0,0,0
BRDA:8,1,0,0
BRDA:12,2,0,0
BRDA:24,3,0,0
BRF:4
BRH:0
end_of_record
TN:
SF:lib/database.ts
FN:5,(anonymous_9)
FN:21,(anonymous_10)
FN:28,(anonymous_11)
FN:35,(anonymous_12)
FN:48,(anonymous_13)
FN:66,(anonymous_14)
FN:85,(anonymous_15)
FN:100,(anonymous_16)
FN:107,(anonymous_17)
FN:122,(anonymous_18)
FN:137,(anonymous_19)
FN:144,(anonymous_20)
FN:158,(anonymous_21)
FN:168,(anonymous_22)
FN:180,(anonymous_23)
FN:190,(anonymous_24)
FN:222,(anonymous_25)
FN:237,(anonymous_26)
FN:244,(anonymous_27)
FN:265,(anonymous_28)
FN:277,(anonymous_29)
FN:287,(anonymous_30)
FN:295,(anonymous_31)
FN:299,(anonymous_32)
FN:311,(anonymous_33)
FN:329,(anonymous_34)
FN:340,(anonymous_35)
FN:348,(anonymous_36)
FN:358,(anonymous_37)
FN:371,(anonymous_38)
FN:388,(anonymous_39)
FN:399,(anonymous_40)
FN:412,(anonymous_41)
FN:422,(anonymous_42)
FN:435,(anonymous_43)
FN:449,(anonymous_44)
FN:466,(anonymous_45)
FNF:37
FNH:0
FNDA:0,(anonymous_9)
FNDA:0,(anonymous_10)
FNDA:0,(anonymous_11)
FNDA:0,(anonymous_12)
FNDA:0,(anonymous_13)
FNDA:0,(anonymous_14)
FNDA:0,(anonymous_15)
FNDA:0,(anonymous_16)
FNDA:0,(anonymous_17)
FNDA:0,(anonymous_18)
FNDA:0,(anonymous_19)
FNDA:0,(anonymous_20)
FNDA:0,(anonymous_21)
FNDA:0,(anonymous_22)
FNDA:0,(anonymous_23)
FNDA:0,(anonymous_24)
FNDA:0,(anonymous_25)
FNDA:0,(anonymous_26)
FNDA:0,(anonymous_27)
FNDA:0,(anonymous_28)
FNDA:0,(anonymous_29)
FNDA:0,(anonymous_30)
FNDA:0,(anonymous_31)
FNDA:0,(anonymous_32)
FNDA:0,(anonymous_33)
FNDA:0,(anonymous_34)
FNDA:0,(anonymous_35)
FNDA:0,(anonymous_36)
FNDA:0,(anonymous_37)
FNDA:0,(anonymous_38)
FNDA:0,(anonymous_39)
FNDA:0,(anonymous_40)
FNDA:0,(anonymous_41)
FNDA:0,(anonymous_42)
FNDA:0,(anonymous_43)
FNDA:0,(anonymous_44)
FNDA:0,(anonymous_45)
DA:4,0
DA:12,0
DA:18,0
DA:22,0
DA:25,0
DA:29,0
DA:32,0
DA:47,0
DA:48,0
DA:51,0
DA:53,0
DA:60,0
DA:65,0
DA:75,0
DA:82,0
DA:86,0
DA:97,0
DA:101,0
DA:104,0
DA:121,0
DA:122,0
DA:125,0
DA:127,0
DA:134,0
DA:138,0
DA:143,0
DA:149,0
DA:155,0
DA:159,0
DA:165,0
DA:169,0
DA:177,0
DA:181,0
DA:187,0
DA:207,0
DA:209,0
DA:210,0
DA:211,0
DA:212,0
DA:213,0
DA:214,0
DA:216,0
DA:217,0
DA:218,0
DA:221,0
DA:222,0
DA:225,0
DA:227,0
DA:234,0
DA:238,0
DA:243,0
DA:254,0
DA:262,0
DA:266,0
DA:274,0
DA:278,0
DA:284,0
DA:288,0
DA:296,0
DA:300,0
DA:305,0
DA:310,0
DA:319,0
DA:326,0
DA:330,0
DA:337,0
DA:341,0
DA:349,0
DA:355,0
DA:359,0
DA:365,0
DA:370,0
DA:378,0
DA:385,0
DA:389,0
DA:396,0
DA:400,0
DA:409,0
DA:413,0
DA:419,0
DA:423,0
DA:429,0
DA:434,0
DA:436,0
DA:446,0
DA:450,0
DA:463,0
DA:467,0
DA:478,0
DA:482,0
LF:90
LH:0
BRDA:15,0,0,0
BRDA:15,0,1,0
BRDA:15,1,0,0
BRDA:15,1,1,0
BRDA:78,2,0,0
BRDA:78,2,1,0
BRDA:78,3,0,0
BRDA:78,3,1,0
BRDA:79,4,0,0
BRDA:79,4,1,0
BRDA:79,5,0,0
BRDA:79,5,1,0
BRDA:152,6,0,0
BRDA:152,6,1,0
BRDA:158,7,0,0
BRDA:168,8,0,0
BRDA:209,9,0,0
BRDA:209,9,1,0
BRDA:211,10,0,0
BRDA:211,10,1,0
BRDA:213,11,0,0
BRDA:216,12,0,0
BRDA:216,13,0,0
BRDA:216,13,1,0
BRDA:256,14,0,0
BRDA:256,14,1,0
BRDA:257,15,0,0
BRDA:257,15,1,0
BRDA:259,16,0,0
BRDA:259,16,1,0
BRDA:259,17,0,0
BRDA:259,17,1,0
BRDA:265,18,0,0
BRDA:322,19,0,0
BRDA:322,19,1,0
BRDA:323,20,0,0
BRDA:323,20,1,0
BRDA:381,21,0,0
BRDA:381,21,1,0
BRDA:381,22,0,0
BRDA:381,22,1,0
BRDA:449,23,0,0
BRF:42
BRH:0
end_of_record
TN:
SF:lib/db.ts
FN:39,executeRawQuery
FN:58,setCurrentUserId
FN:72,handleDbError
FNF:3
FNH:0
FNDA:0,executeRawQuery
FNDA:0,setCurrentUserId
FNDA:0,handleDbError
DA:4,0
DA:5,0
DA:8,0
DA:13,0
DA:24,0
DA:25,0
DA:29,0
DA:39,0
DA:40,0
DA:41,0
DA:44,0
DA:45,0
DA:46,0
DA:48,0
DA:49,0
DA:58,0
DA:59,0
DA:60,0
DA:62,0
DA:63,0
DA:72,0
DA:73,0
DA:76,0
DA:77,0
DA:80,0
LF:25
LH:0
BRDA:13,0,0,0
BRDA:13,0,1,0
BRDA:15,1,0,0
BRDA:15,1,1,0
BRDA:24,2,0,0
BRDA:29,3,0,0
BRDA:29,3,1,0
BRDA:39,4,0,0
BRDA:40,5,0,0
BRDA:76,6,0,0
BRF:10
BRH:0
end_of_record
TN:
SF:lib/email.ts
FN:23,(anonymous_4)
FN:36,(anonymous_5)
FN:52,(anonymous_6)
FN:108,(anonymous_7)
FNF:4
FNH:0
FNDA:0,(anonymous_4)
FNDA:0,(anonymous_5)
FNDA:0,(anonymous_6)
FNDA:0,(anonymous_7)
DA:1,0
DA:24,0
DA:25,0
DA:37,0
DA:38,0
DA:45,0
DA:47,0
DA:48,0
DA:59,0
DA:61,0
DA:100,0
DA:109,0
DA:120,0
DA:130,0
DA:139,0
LF:15
LH:0
BRDA:59,0,0,0
BRDA:59,0,1,0
BRDA:59,1,0,0
BRDA:59,1,1,0
BRDA:86,2,0,0
BRDA:86,2,1,0
BRDA:90,3,0,0
BRDA:90,3,1,0
BRDA:131,4,0,0
BRDA:131,4,1,0
BRDA:132,5,0,0
BRDA:132,5,1,0
BRDA:134,6,0,0
BRDA:134,6,1,0
BRDA:135,7,0,0
BRDA:135,7,1,0
BRDA:136,8,0,0
BRDA:136,8,1,0
BRF:18
BRH:0
end_of_record
TN:
SF:lib/enhanced-auth.ts
FN:21,withEnhancedAuth
FN:30,(anonymous_2)
FN:83,(anonymous_3)
FNF:3
FNH:0
FNDA:0,withEnhancedAuth
FNDA:0,(anonymous_2)
FNDA:0,(anonymous_3)
DA:4,0
DA:5,0
DA:6,0
DA:7,0
DA:8,0
DA:21,0
DA:30,0
DA:32,0
DA:34,0
DA:35,0
DA:47,0
DA:56,0
DA:57,0
DA:69,0
DA:70,0
DA:83,0
DA:85,0
DA:86,0
DA:88,0
DA:89,0
DA:91,0
DA:92,0
DA:93,0
DA:96,0
DA:100,0
DA:103,0
DA:104,0
DA:105,0
DA:106,0
DA:107,0
DA:109,0
DA:112,0
LF:32
LH:0
BRDA:34,0,0,0
BRDA:56,1,0,0
BRDA:69,2,0,0
BRDA:69,3,0,0
BRDA:69,3,1,0
BRDA:85,4,0,0
BRDA:85,5,0,0
BRDA:85,5,1,0
BRDA:86,6,0,0
BRDA:86,6,1,0
BRDA:86,7,0,0
BRDA:86,7,1,0
BRDA:89,8,0,0
BRDA:91,9,0,0
BRDA:92,10,0,0
BRF:15
BRH:0
end_of_record
TN:
SF:lib/global-polyfills.js
FN:21,(anonymous_0)
FN:23,(anonymous_1)
FN:24,(anonymous_2)
FN:25,(anonymous_3)
FN:26,(anonymous_4)
FN:27,(anonymous_5)
FN:28,(anonymous_6)
FN:30,(anonymous_7)
FN:31,(anonymous_8)
FN:32,(anonymous_9)
FN:33,(anonymous_10)
FN:35,(anonymous_11)
FN:41,(anonymous_12)
FN:42,(anonymous_13)
FN:43,(anonymous_14)
FN:44,(anonymous_15)
FN:45,(anonymous_16)
FN:46,(anonymous_17)
FN:47,(anonymous_18)
FN:48,(anonymous_19)
FN:56,(anonymous_20)
FN:56,(anonymous_21)
FN:58,(anonymous_22)
FN:59,(anonymous_23)
FN:76,(anonymous_24)
FN:78,(anonymous_25)
FN:79,(anonymous_26)
FN:80,(anonymous_27)
FN:81,(anonymous_28)
FN:82,(anonymous_29)
FN:103,(anonymous_30)
FN:104,(anonymous_31)
FN:107,(anonymous_32)
FN:125,(anonymous_33)
FN:126,(anonymous_34)
FN:127,(anonymous_35)
FN:144,(anonymous_36)
FN:145,(anonymous_37)
FN:146,(anonymous_38)
FN:147,(anonymous_39)
FN:148,(anonymous_40)
FN:156,(anonymous_41)
FN:157,(anonymous_42)
FN:158,(anonymous_43)
FN:159,(anonymous_44)
FN:160,(anonymous_45)
FN:161,(anonymous_46)
FN:162,(anonymous_47)
FN:181,(anonymous_48)
FNF:49
FNH:0
FNDA:0,(anonymous_0)
FNDA:0,(anonymous_1)
FNDA:0,(anonymous_2)
FNDA:0,(anonymous_3)
FNDA:0,(anonymous_4)
FNDA:0,(anonymous_5)
FNDA:0,(anonymous_6)
FNDA:0,(anonymous_7)
FNDA:0,(anonymous_8)
FNDA:0,(anonymous_9)
FNDA:0,(anonymous_10)
FNDA:0,(anonymous_11)
FNDA:0,(anonymous_12)
FNDA:0,(anonymous_13)
FNDA:0,(anonymous_14)
FNDA:0,(anonymous_15)
FNDA:0,(anonymous_16)
FNDA:0,(anonymous_17)
FNDA:0,(anonymous_18)
FNDA:0,(anonymous_19)
FNDA:0,(anonymous_20)
FNDA:0,(anonymous_21)
FNDA:0,(anonymous_22)
FNDA:0,(anonymous_23)
FNDA:0,(anonymous_24)
FNDA:0,(anonymous_25)
FNDA:0,(anonymous_26)
FNDA:0,(anonymous_27)
FNDA:0,(anonymous_28)
FNDA:0,(anonymous_29)
FNDA:0,(anonymous_30)
FNDA:0,(anonymous_31)
FNDA:0,(anonymous_32)
FNDA:0,(anonymous_33)
FNDA:0,(anonymous_34)
FNDA:0,(anonymous_35)
FNDA:0,(anonymous_36)
FNDA:0,(anonymous_37)
FNDA:0,(anonymous_38)
FNDA:0,(anonymous_39)
FNDA:0,(anonymous_40)
FNDA:0,(anonymous_41)
FNDA:0,(anonymous_42)
FNDA:0,(anonymous_43)
FNDA:0,(anonymous_44)
FNDA:0,(anonymous_45)
FNDA:0,(anonymous_46)
FNDA:0,(anonymous_47)
FNDA:0,(anonymous_48)
DA:6,0
DA:8,0
DA:9,0
DA:13,0
DA:14,0
DA:15,0
DA:19,0
DA:20,0
DA:21,0
DA:24,0
DA:33,0
DA:35,0
DA:41,0
DA:44,0
DA:45,0
DA:46,0
DA:47,0
DA:48,0
DA:76,0
DA:78,0
DA:86,0
DA:90,0
DA:91,0
DA:103,0
DA:104,0
DA:107,0
DA:110,0
DA:114,0
DA:115,0
DA:129,0
DA:133,0
DA:134,0
DA:135,0
DA:139,0
DA:140,0
DA:150,0
DA:154,0
DA:155,0
DA:156,0
DA:159,0
DA:160,0
DA:164,0
DA:168,0
DA:169,0
DA:170,0
DA:174,0
DA:175,0
DA:176,0
DA:180,0
DA:182,0
DA:183,0
DA:184,0
DA:185,0
DA:186,0
DA:187,0
DA:188,0
DA:189,0
DA:191,0
DA:202,0
LF:59
LH:0
BRDA:6,0,0,0
BRDA:6,1,0,0
BRDA:6,1,1,0
BRDA:13,2,0,0
BRDA:13,3,0,0
BRDA:13,3,1,0
BRDA:19,4,0,0
BRDA:19,5,0,0
BRDA:19,5,1,0
BRDA:39,6,0,0
BRDA:39,6,1,0
BRDA:90,7,0,0
BRDA:90,8,0,0
BRDA:90,8,1,0
BRDA:114,9,0,0
BRDA:114,10,0,0
BRDA:114,10,1,0
BRDA:133,11,0,0
BRDA:133,12,0,0
BRDA:133,12,1,0
BRDA:139,13,0,0
BRDA:139,14,0,0
BRDA:139,14,1,0
BRDA:154,15,0,0
BRDA:154,16,0,0
BRDA:154,16,1,0
BRDA:168,17,0,0
BRDA:168,18,0,0
BRDA:168,18,1,0
BRDA:174,19,0,0
BRDA:174,20,0,0
BRDA:174,20,1,0
BRDA:192,21,0,0
BRDA:192,21,1,0
BRDA:193,22,0,0
BRDA:193,22,1,0
BRDA:194,23,0,0
BRDA:194,23,1,0
BRDA:195,24,0,0
BRDA:195,24,1,0
BRDA:196,25,0,0
BRDA:196,25,1,0
BRDA:197,26,0,0
BRDA:197,26,1,0
BRDA:198,27,0,0
BRDA:198,27,1,0
BRDA:199,28,0,0
BRDA:199,28,1,0
BRDA:211,29,0,0
BRDA:211,29,1,0
BRDA:211,29,2,0
BRDA:211,29,3,0
BRDA:211,29,4,0
BRDA:211,29,5,0
BRDA:211,29,6,0
BRDA:211,29,7,0
BRF:56
BRH:0
end_of_record
TN:
SF:lib/logger.ts
FN:15,(anonymous_1)
FN:26,(anonymous_2)
FN:37,(anonymous_3)
FN:46,(anonymous_4)
FN:55,(anonymous_5)
FN:64,(anonymous_6)
FN:75,(anonymous_7)
FNF:7
FNH:0
FNDA:0,(anonymous_1)
FNDA:0,(anonymous_2)
FNDA:0,(anonymous_3)
FNDA:0,(anonymous_4)
FNDA:0,(anonymous_5)
FNDA:0,(anonymous_6)
FNDA:0,(anonymous_7)
DA:8,0
DA:16,0
DA:27,0
DA:28,0
DA:29,0
DA:38,0
DA:47,0
DA:56,0
DA:65,0
DA:66,0
DA:76,0
LF:11
LH:0
BRDA:65,0,0,0
BRF:1
BRH:0
end_of_record
TN:
SF:lib/module-resolver.js
FN:16,resolveModulePath
FNF:1
FNH:0
FNDA:0,resolveModulePath
DA:4,0
DA:5,0
DA:8,0
DA:11,0
DA:16,0
DA:18,0
DA:20,0
DA:21,0
DA:23,0
DA:28,0
LF:10
LH:0
BRDA:8,0,0,0
BRDA:8,0,1,0
BRDA:18,1,0,0
BRDA:21,2,0,0
BRF:4
BRH:0
end_of_record
TN:
SF:lib/monitoring-validation.ts
FN:14,validateWebsiteAccess
FN:91,validatePaginationParams
FN:150,validateAlertIds
FN:191,safeDisconnect
FNF:4
FNH:0
FNDA:0,validateWebsiteAccess
FNDA:0,validatePaginationParams
FNDA:0,validateAlertIds
FNDA:0,safeDisconnect
DA:4,0
DA:5,0
DA:6,0
DA:8,0
DA:14,0
DA:25,0
DA:26,0
DA:37,0
DA:38,0
DA:49,0
DA:50,0
DA:60,0
DA:61,0
DA:71,0
DA:76,0
DA:77,0
DA:91,0
DA:101,0
DA:102,0
DA:104,0
DA:105,0
DA:106,0
DA:107,0
DA:120,0
DA:123,0
DA:124,0
DA:125,0
DA:126,0
DA:137,0
DA:140,0
DA:150,0
DA:158,0
DA:159,0
DA:170,0
DA:171,0
DA:172,0
DA:183,0
DA:191,0
DA:192,0
DA:193,0
DA:195,0
LF:41
LH:0
BRDA:25,0,0,0
BRDA:37,1,0,0
BRDA:55,2,0,0
BRDA:55,2,1,0
BRDA:60,3,0,0
BRDA:104,4,0,0
BRDA:106,5,0,0
BRDA:106,6,0,0
BRDA:106,6,1,0
BRDA:123,7,0,0
BRDA:125,8,0,0
BRDA:125,9,0,0
BRDA:125,9,1,0
BRDA:158,10,0,0
BRDA:158,11,0,0
BRDA:158,11,1,0
BRDA:158,11,2,0
BRDA:171,12,0,0
BRF:18
BRH:0
end_of_record
TN:
SF:lib/next-browser-globals-plugin.js
FN:9,(anonymous_0)
FN:16,(anonymous_1)
FN:23,(anonymous_2)
FN:53,(anonymous_3)
FN:62,(anonymous_4)
FN:66,(anonymous_5)
FNF:6
FNH:0
FNDA:0,(anonymous_0)
FNDA:0,(anonymous_1)
FNDA:0,(anonymous_2)
FNDA:0,(anonymous_3)
FNDA:0,(anonymous_4)
FNDA:0,(anonymous_5)
DA:10,0
DA:17,0
DA:18,0
DA:24,0
DA:25,0
DA:28,0
DA:53,0
DA:54,0
DA:57,0
DA:63,0
DA:66,0
DA:68,0
DA:69,0
DA:72,0
DA:73,0
DA:74,0
DA:77,0
DA:80,0
DA:83,0
DA:90,0
DA:97,0
LF:21
LH:0
BRDA:9,0,0,0
BRDA:17,1,0,0
BRDA:68,2,0,0
BRDA:72,3,0,0
BRF:4
BRH:0
end_of_record
TN:
SF:lib/next-polyfill-entry.js
FN:24,(anonymous_0)
FN:27,(anonymous_1)
FNF:2
FNH:0
FNDA:0,(anonymous_0)
FNDA:0,(anonymous_1)
DA:5,0
DA:6,0
DA:7,0
DA:10,0
DA:11,0
DA:12,0
DA:15,0
DA:16,0
DA:17,0
DA:21,0
DA:24,0
DA:25,0
DA:28,0
LF:13
LH:0
BRDA:5,0,0,0
BRDA:5,1,0,0
BRDA:5,1,1,0
BRDA:10,2,0,0
BRDA:10,3,0,0
BRDA:10,3,1,0
BRDA:15,4,0,0
BRDA:15,5,0,0
BRDA:15,5,1,0
BRF:9
BRH:0
end_of_record
TN:
SF:lib/node-browser-polyfill.js
FN:13,applyBrowserPolyfills
FN:36,(anonymous_1)
FN:38,(anonymous_2)
FN:39,(anonymous_3)
FN:40,(anonymous_4)
FN:41,(anonymous_5)
FN:42,(anonymous_6)
FN:43,(anonymous_7)
FN:44,(anonymous_8)
FN:46,(anonymous_9)
FN:47,(anonymous_10)
FN:48,(anonymous_11)
FN:49,(anonymous_12)
FN:50,(anonymous_13)
FN:51,(anonymous_14)
FN:52,(anonymous_15)
FN:55,(anonymous_16)
FN:56,(anonymous_17)
FN:60,(anonymous_18)
FN:61,(anonymous_19)
FN:63,(anonymous_20)
FN:107,(anonymous_21)
FN:108,(anonymous_22)
FN:109,(anonymous_23)
FN:129,(anonymous_24)
FN:130,(anonymous_25)
FN:131,(anonymous_26)
FN:132,(anonymous_27)
FN:133,(anonymous_28)
FN:134,(anonymous_29)
FN:135,(anonymous_30)
FN:136,(anonymous_31)
FN:148,(anonymous_32)
FN:149,(anonymous_33)
FN:150,(anonymous_34)
FN:151,(anonymous_35)
FN:152,(anonymous_36)
FN:164,(anonymous_37)
FN:165,(anonymous_38)
FN:166,(anonymous_39)
FN:167,(anonymous_40)
FN:167,(anonymous_41)
FN:168,(anonymous_42)
FN:169,(anonymous_43)
FN:178,(anonymous_44)
FN:179,(anonymous_45)
FN:180,(anonymous_46)
[...]
DA:284,0
DA:297,0
DA:304,0
DA:305,0
DA:308,0
DA:327,0
DA:329,0
DA:362,0
LF:64
LH:0
BRDA:84,0,0,0
BRDA:84,0,1,0
BRDA:85,1,0,0
BRDA:85,1,1,0
BRDA:119,2,0,0
BRDA:119,2,1,0
BRDA:140,3,0,0
BRDA:140,3,1,0
BRDA:145,4,0,0
BRDA:145,4,1,0
BRDA:145,4,2,0
BRDA:145,4,3,0
BRDA:145,4,4,0
BRDA:145,4,5,0
BRDA:184,5,0,0
BRDA:185,6,0,0
BRDA:206,7,0,0
BRDA:206,7,1,0
BRDA:206,8,0,0
BRDA:206,8,1,0
BRDA:207,9,0,0
BRDA:207,9,1,0
BRDA:207,10,0,0
BRDA:207,10,1,0
BRDA:212,11,0,0
BRDA:212,11,1,0
BRDA:212,12,0,0
BRDA:212,12,1,0
BRDA:213,13,0,0
BRDA:213,13,1,0
BRDA:213,14,0,0
BRDA:213,14,1,0
BRDA:245,15,0,0
BRDA:245,16,0,0
BRDA:245,16,1,0
BRDA:245,16,2,0
BRDA:249,17,0,0
BRDA:249,18,0,0
BRDA:249,18,1,0
BRDA:249,18,2,0
BRDA:283,19,0,0
BRDA:304,20,0,0
BRDA:321,21,0,0
BRDA:322,22,0,0
BRF:44
BRH:0
end_of_record
TN:
SF:lib/services/seo-analyzer.ts
FN:6,(anonymous_1)
FN:39,(anonymous_2)
FN:135,(anonymous_3)
FN:200,(anonymous_4)
FN:255,(anonymous_5)
FN:342,(anonymous_6)
FNF:6
FNH:0
FNDA:0,(anonymous_1)
FNDA:0,(anonymous_2)
FNDA:0,(anonymous_3)
FNDA:0,(anonymous_4)
FNDA:0,(anonymous_5)
FNDA:0,(anonymous_6)
DA:1,0
DA:4,0
DA:7,0
DA:8,0
DA:9,0
DA:12,0
DA:15,0
DA:18,0
DA:21,0
DA:24,0
DA:26,0
DA:40,0
DA:41,0
DA:42,0
DA:44,0
DA:51,0
DA:52,0
DA:58,0
DA:60,0
DA:61,0
DA:67,0
DA:68,0
DA:69,0
DA:75,0
DA:80,0
DA:81,0
DA:87,0
DA:89,0
DA:90,0
DA:96,0
DA:97,0
DA:98,0
DA:104,0
DA:109,0
DA:110,0
DA:111,0
DA:117,0
DA:121,0
DA:122,0
DA:123,0
DA:129,0
DA:132,0
DA:136,0
DA:146,0
DA:147,0
DA:153,0
DA:154,0
DA:155,0
DA:161,0
DA:165,0
DA:166,0
DA:168,0
DA:169,0
DA:171,0
DA:172,0
DA:181,0
DA:182,0
DA:190,0
DA:193,0
DA:194,0
DA:197,0
DA:201,0
DA:202,0
DA:203,0
DA:205,0
DA:206,0
DA:207,0
DA:209,0
DA:210,0
DA:211,0
DA:217,0
DA:218,0
DA:227,0
DA:228,0
DA:232,0
DA:233,0
DA:234,0
DA:238,0
DA:244,0
DA:245,0
DA:248,0
DA:249,0
DA:252,0
DA:256,0
DA:257,0
DA:258,0
DA:259,0
DA:261,0
DA:263,0
DA:264,0
DA:265,0
DA:267,0
DA:268,0
DA:270,0
DA:271,0
DA:273,0
DA:276,0
DA:277,0
DA:279,0
DA:280,0
DA:283,0
DA:284,0
DA:290,0
DA:295,0
DA:296,0
DA:297,0
DA:303,0
DA:304,0
DA:310,0
DA:314,0
DA:315,0
DA:325,0
DA:331,0
DA:332,0
DA:335,0
DA:336,0
DA:339,0
DA:349,0
DA:352,0
DA:353,0
DA:355,0
DA:356,0
DA:358,0
DA:359,0
DA:361,0
DA:362,0
DA:367,0
DA:368,0
DA:371,0
DA:372,0
DA:375,0
DA:376,0
DA:379,0
DA:380,0
DA:383,0
DA:384,0
DA:387,0
DA:388,0
DA:392,0
LF:139
LH:0
BRDA:45,0,0,0
BRDA:45,0,1,0
BRDA:46,1,0,0
BRDA:46,1,1,0
BRDA:47,2,0,0
BRDA:47,2,1,0
BRDA:51,3,0,0
BRDA:51,3,1,0
BRDA:60,4,0,0
BRDA:60,4,1,0
BRDA:68,5,0,0
BRDA:80,6,0,0
BRDA:80,6,1,0
BRDA:89,7,0,0
BRDA:89,7,1,0
BRDA:97,8,0,0
BRDA:110,9,0,0
BRDA:122,10,0,0
BRDA:146,11,0,0
BRDA:146,11,1,0
BRDA:154,12,0,0
BRDA:171,13,0,0
BRDA:171,14,0,0
BRDA:171,14,1,0
BRDA:181,15,0,0
BRDA:193,16,0,0
BRDA:193,17,0,0
BRDA:193,17,1,0
BRDA:193,17,2,0
BRDA:209,18,0,0
BRDA:209,18,1,0
BRDA:209,19,0,0
BRDA:209,19,1,0
BRDA:217,20,0,0
BRDA:227,21,0,0
BRDA:227,22,0,0
BRDA:227,22,1,0
BRDA:227,22,2,0
BRDA:233,23,0,0
BRDA:244,24,0,0
BRDA:248,25,0,0
BRDA:248,26,0,0
BRDA:248,26,1,0
BRDA:265,27,0,0
BRDA:270,28,0,0
BRDA:270,28,1,0
BRDA:279,29,0,0
BRDA:279,30,0,0
BRDA:279,30,1,0
BRDA:283,31,0,0
BRDA:283,32,0,0
BRDA:283,32,1,0
BRDA:296,33,0,0
BRDA:296,33,1,0
BRDA:303,34,0,0
BRDA:303,35,0,0
BRDA:303,35,1,0
BRDA:331,36,0,0
BRDA:335,37,0,0
BRDA:335,38,0,0
BRDA:335,38,1,0
BRDA:353,39,0,0
BRDA:353,39,1,0
BRDA:353,39,2,0
BRDA:367,40,0,0
BRDA:367,41,0,0
BRDA:367,41,1,0
BRDA:367,41,2,0
BRDA:371,42,0,0
BRDA:371,43,0,0
BRDA:371,43,1,0
BRDA:371,43,2,0
BRDA:375,44,0,0
BRDA:379,45,0,0
BRDA:379,46,0,0
BRDA:379,46,1,0
BRDA:383,47,0,0
BRDA:383,48,0,0
BRDA:383,48,1,0
BRDA:387,49,0,0
BRF:80
BRH:0
end_of_record
TN:
SF:lib/services/webhook-service.ts
FN:17,(anonymous_1)
FN:24,(anonymous_2)
FN:52,(anonymous_3)
FN:71,(anonymous_4)
FN:97,(anonymous_5)
FN:122,(anonymous_6)
FN:145,(anonymous_7)
FN:195,(anonymous_8)
FNF:8
FNH:0
FNDA:0,(anonymous_1)
FNDA:0,(anonymous_2)
FNDA:0,(anonymous_3)
FNDA:0,(anonymous_4)
FNDA:0,(anonymous_5)
FNDA:0,(anonymous_6)
FNDA:0,(anonymous_7)
FNDA:0,(anonymous_8)
DA:14,0
DA:18,0
DA:29,0
DA:31,0
DA:41,0
DA:42,0
DA:45,0
DA:52,0
DA:54,0
DA:55,0
DA:56,0
DA:59,0
DA:62,0
DA:64,0
DA:79,0
DA:80,0
DA:83,0
DA:107,0
DA:131,0
DA:150,0
DA:151,0
DA:161,0
DA:172,0
DA:173,0
DA:176,0
DA:179,0
DA:196,0
DA:197,0
LF:28
LH:0
BRDA:41,0,0,0
BRDA:41,1,0,0
BRDA:41,1,1,0
BRDA:55,2,0,0
BRDA:79,3,0,0
BRDA:79,4,0,0
BRDA:79,4,1,0
BRDA:168,5,0,0
BRDA:168,5,1,0
BRDA:172,6,0,0
BRDA:186,7,0,0
BRDA:186,7,1,0
BRF:12
BRH:0
end_of_record
TN:
SF:lib/services/content/grammar-analyzer.ts
FN:178,(anonymous_1)
FNF:1
FNH:0
FNDA:0,(anonymous_1)
DA:6,0
DA:8,0
DA:74,0
DA:132,0
DA:180,0
DA:181,0
DA:182,0
DA:189,0
DA:192,0
DA:195,0
DA:196,0
DA:198,0
DA:199,0
DA:202,0
DA:203,0
DA:205,0
DA:206,0
DA:207,0
DA:208,0
DA:209,0
DA:211,0
DA:223,0
DA:224,0
DA:226,0
DA:227,0
DA:228,0
DA:230,0
DA:231,0
DA:232,0
DA:233,0
DA:235,0
DA:247,0
DA:248,0
DA:250,0
DA:251,0
DA:252,0
DA:254,0
DA:255,0
DA:256,0
DA:257,0
DA:259,0
DA:271,0
DA:273,0
DA:274,0
DA:277,0
DA:278,0
DA:281,0
DA:282,0
DA:286,0
DA:287,0
DA:290,0
DA:291,0
DA:294,0
DA:295,0
DA:298,0
DA:300,0
LF:56
LH:0
BRDA:198,0,0,0
BRDA:205,1,0,0
BRDA:205,2,0,0
BRDA:205,2,1,0
BRDA:227,3,0,0
BRDA:251,4,0,0
BRDA:273,5,0,0
BRDA:274,6,0,0
BRDA:274,6,1,0
BRDA:277,7,0,0
BRDA:278,8,0,0
BRDA:278,8,1,0
BRDA:281,9,0,0
BRDA:282,10,0,0
BRDA:282,10,1,0
BRDA:290,11,0,0
BRDA:290,11,1,0
BRDA:294,12,0,0
BRDA:294,12,1,0
BRF:19
BRH:0
end_of_record
TN:
SF:lib/services/content/readability-analyzer.ts
FN:7,(anonymous_1)
FN:83,(anonymous_2)
FN:90,(anonymous_3)
FN:95,(anonymous_4)
FN:100,(anonymous_5)
FN:104,(anonymous_6)
FN:115,(anonymous_7)
FN:131,(anonymous_8)
FN:144,(anonymous_9)
FN:149,(anonymous_10)
FN:159,(anonymous_11)
FN:169,(anonymous_12)
FN:174,(anonymous_13)
FN:181,(anonymous_14)
FNF:14
FNH:0
FNDA:0,(anonymous_1)
FNDA:0,(anonymous_2)
FNDA:0,(anonymous_3)
FNDA:0,(anonymous_4)
FNDA:0,(anonymous_5)
FNDA:0,(anonymous_6)
FNDA:0,(anonymous_7)
FNDA:0,(anonymous_8)
FNDA:0,(anonymous_9)
FNDA:0,(anonymous_10)
FNDA:0,(anonymous_11)
FNDA:0,(anonymous_12)
FNDA:0,(anonymous_13)
FNDA:0,(anonymous_14)
DA:6,0
DA:8,0
DA:11,0
DA:14,0
DA:15,0
DA:16,0
DA:17,0
DA:20,0
DA:21,0
DA:24,0
DA:25,0
DA:26,0
DA:27,0
DA:28,0
DA:31,0
DA:39,0
DA:40,0
DA:43,0
DA:44,0
DA:47,0
DA:48,0
DA:49,0
DA:50,0
DA:55,0
DA:57,0
DA:58,0
DA:59,0
DA:60,0
DA:61,0
DA:62,0
DA:66,0
DA:67,0
DA:69,0
DA:84,0
DA:91,0
DA:92,0
DA:96,0
DA:97,0
DA:101,0
DA:105,0
DA:106,0
DA:108,0
DA:109,0
DA:112,0
DA:116,0
DA:118,0
DA:119,0
DA:123,0
DA:124,0
DA:127,0
DA:128,0
DA:132,0
DA:133,0
DA:135,0
DA:136,0
DA:137,0
DA:141,0
DA:146,0
DA:150,0
DA:151,0
DA:152,0
DA:153,0
DA:154,0
DA:155,0
DA:156,0
DA:160,0
DA:161,0
DA:162,0
DA:163,0
DA:164,0
DA:165,0
DA:166,0
DA:171,0
DA:176,0
DA:177,0
DA:178,0
DA:183,0
LF:77
LH:0
BRDA:39,0,0,0
BRDA:43,1,0,0
BRDA:47,2,0,0
BRDA:47,2,1,0
BRDA:49,3,0,0
BRDA:57,4,0,0
BRDA:57,4,1,0
BRDA:59,5,0,0
BRDA:59,5,1,0
BRDA:61,6,0,0
BRDA:92,7,0,0
BRDA:92,7,1,0
BRDA:97,8,0,0
BRDA:97,8,1,0
BRDA:101,9,0,0
BRDA:101,9,1,0
BRDA:112,10,0,0
BRDA:112,10,1,0
BRDA:118,11,0,0
BRDA:128,12,0,0
BRDA:128,12,1,0
BRDA:136,13,0,0
BRDA:150,14,0,0
BRDA:151,15,0,0
BRDA:152,16,0,0
BRDA:153,17,0,0
BRDA:154,18,0,0
BRDA:155,19,0,0
BRDA:160,20,0,0
BRDA:161,21,0,0
BRDA:162,22,0,0
BRDA:163,23,0,0
BRDA:164,24,0,0
BRDA:165,25,0,0
BRF:34
BRH:0
end_of_record
TN:
SF:lib/services/content/structure-analyzer.ts
FN:8,(anonymous_4)
FN:54,(anonymous_5)
FN:75,(anonymous_6)
FN:101,(anonymous_7)
FN:140,(anonymous_8)
FN:154,(anonymous_9)
FN:217,(anonymous_10)
FN:227,(anonymous_11)
FN:244,(anonymous_12)
FN:266,(anonymous_13)
FN:306,(anonymous_14)
FN:318,(anonymous_15)
FN:366,(anonymous_16)
FN:406,(anonymous_17)
FN:455,(anonymous_18)
FN:456,(anonymous_19)
FN:457,(anonymous_20)
FNF:17
FNH:0
FNDA:0,(anonymous_4)
FNDA:0,(anonymous_5)
FNDA:0,(anonymous_6)
FNDA:0,(anonymous_7)
FNDA:0,(anonymous_8)
FNDA:0,(anonymous_9)
FNDA:0,(anonymous_10)
FNDA:0,(anonymous_11)
FNDA:0,(anonymous_12)
FNDA:0,(anonymous_13)
FNDA:0,(anonymous_14)
FNDA:0,(anonymous_15)
FNDA:0,(anonymous_16)
FNDA:0,(anonymous_17)
FNDA:0,(anonymous_18)
FNDA:0,(anonymous_19)
FNDA:0,(anonymous_20)
DA:4,0
DA:7,0
DA:9,0
DA:10,0
DA:13,0
DA:16,0
DA:19,0
DA:22,0
DA:25,0
DA:28,0
DA:29,0
DA:30,0
DA:31,0
DA:32,0
DA:35,0
DA:43,0
DA:60,0
DA:61,0
DA:70,0
DA:71,0
DA:72,0
DA:75,0
DA:76,0
DA:77,0
DA:79,0
DA:82,0
DA:83,0
DA:84,0
DA:87,0
DA:91,0
DA:92,0
DA:96,0
DA:97,0
DA:101,0
DA:102,0
DA:103,0
DA:107,0
DA:110,0
DA:111,0
DA:115,0
DA:116,0
DA:120,0
DA:121,0
DA:125,0
DA:126,0
DA:130,0
DA:132,0
DA:147,0
DA:148,0
DA:150,0
DA:151,0
DA:152,0
DA:154,0
DA:155,0
DA:156,0
DA:158,0
DA:161,0
DA:162,0
DA:166,0
DA:167,0
DA:171,0
DA:172,0
DA:175,0
DA:176,0
DA:179,0
DA:180,0
DA:183,0
DA:184,0
DA:188,0
DA:191,0
DA:192,0
DA:196,0
DA:197,0
DA:201,0
DA:202,0
DA:206,0
DA:208,0
DA:223,0
DA:224,0
DA:225,0
DA:227,0
DA:228,0
DA:231,0
DA:232,0
DA:233,0
DA:237,0
DA:238,0
DA:239,0
DA:243,0
DA:244,0
DA:245,0
DA:246,0
DA:248,0
DA:249,0
DA:253,0
DA:254,0
DA:255,0
DA:259,0
DA:260,0
DA:263,0
DA:264,0
DA:266,0
DA:267,0
DA:270,0
DA:271,0
DA:272,0
DA:273,0
DA:278,0
DA:279,0
DA:283,0
DA:286,0
DA:287,0
DA:291,0
DA:292,0
DA:296,0
DA:298,0
DA:313,0
DA:314,0
DA:315,0
DA:318,0
DA:319,0
DA:320,0
DA:322,0
DA:323,0
DA:324,0
DA:327,0
DA:328,0
DA:329,0
DA:333,0
DA:334,0
DA:337,0
DA:338,0
DA:339,0
DA:343,0
DA:346,0
DA:347,0
DA:351,0
DA:352,0
DA:356,0
DA:358,0
DA:373,0
DA:376,0
DA:377,0
DA:380,0
DA:381,0
DA:385,0
DA:386,0
DA:390,0
DA:391,0
DA:395,0
DA:396,0
DA:398,0
DA:406,0
DA:407,0
DA:409,0
DA:410,0
DA:411,0
DA:412,0
DA:417,0
DA:421,0
DA:422,0
DA:426,0
DA:429,0
DA:430,0
DA:434,0
DA:435,0
DA:439,0
DA:440,0
DA:444,0
DA:446,0
DA:456,0
DA:457,0
DA:459,0
LF:173
LH:0
BRDA:82,0,0,0
BRDA:82,1,0,0
BRDA:82,1,1,0
BRDA:91,2,0,0
BRDA:96,3,0,0
BRDA:102,4,0,0
BRDA:110,5,0,0
BRDA:115,6,0,0
BRDA:120,7,0,0
BRDA:125,8,0,0
BRDA:161,9,0,0
BRDA:166,10,0,0
BRDA:166,11,0,0
BRDA:166,11,1,0
BRDA:172,12,0,0
BRDA:172,12,1,0
BRDA:175,13,0,0
BRDA:176,14,0,0
BRDA:176,14,1,0
BRDA:179,15,0,0
BRDA:179,16,0,0
BRDA:179,16,1,0
BRDA:183,17,0,0
BRDA:191,18,0,0
BRDA:196,19,0,0
BRDA:196,20,0,0
BRDA:196,20,1,0
BRDA:201,21,0,0
BRDA:231,22,0,0
BRDA:237,23,0,0
BRDA:248,24,0,0
BRDA:253,25,0,0
BRDA:253,26,0,0
BRDA:253,26,1,0
BRDA:270,27,0,0
BRDA:270,28,0,0
BRDA:270,28,1,0
BRDA:272,29,0,0
BRDA:278,30,0,0
BRDA:286,31,0,0
BRDA:291,32,0,0
BRDA:322,33,0,0
BRDA:322,34,0,0
BRDA:322,34,1,0
BRDA:327,35,0,0
BRDA:327,36,0,0
BRDA:327,36,1,0
BRDA:338,37,0,0
BRDA:338,38,0,0
BRDA:338,38,1,0
BRDA:346,39,0,0
BRDA:351,40,0,0
BRDA:351,41,0,0
BRDA:351,41,1,0
BRDA:377,42,0,0
BRDA:377,42,1,0
BRDA:380,43,0,0
BRDA:386,44,0,0
BRDA:386,44,1,0
BRDA:386,44,2,0
BRDA:390,45,0,0
BRDA:410,46,0,0
BRDA:417,47,0,0
BRDA:417,47,1,0
BRDA:421,48,0,0
BRDA:421,49,0,0
BRDA:421,49,1,0
BRDA:429,50,0,0
BRDA:434,51,0,0
BRDA:439,52,0,0
BRDA:439,53,0,0
BRDA:439,53,1,0
BRF:72
BRH:0
end_of_record
TN:
SF:lib/services/seo/heading-structure-analyzer.ts
FN:8,(anonymous_1)
FN:37,(anonymous_2)
FN:58,(anonymous_3)
FN:78,(anonymous_4)
FNF:4
FNH:0
FNDA:0,(anonymous_1)
FNDA:0,(anonymous_2)
FNDA:0,(anonymous_3)
FNDA:0,(anonymous_4)
DA:7,0
DA:9,0
DA:10,0
DA:13,0
DA:14,0
DA:15,0
DA:16,0
DA:17,0
DA:18,0
DA:21,0
DA:22,0
DA:23,0
DA:24,0
DA:28,0
DA:29,0
DA:32,0
DA:33,0
DA:37,0
DA:38,0
DA:39,0
DA:40,0
DA:43,0
DA:44,0
DA:47,0
DA:48,0
DA:51,0
DA:54,0
DA:58,0
DA:59,0
DA:62,0
DA:63,0
DA:66,0
DA:75,0
DA:78,0
DA:81,0
DA:82,0
DA:83,0
DA:85,0
LF:38
LH:0
BRDA:21,0,0,0
BRDA:21,0,1,0
BRDA:23,1,0,0
BRDA:28,2,0,0
BRDA:28,3,0,0
BRDA:28,3,1,0
BRDA:32,4,0,0
BRDA:32,5,0,0
BRDA:32,5,1,0
BRDA:43,6,0,0
BRDA:43,6,1,0
BRDA:47,7,0,0
BRDA:47,7,1,0
BRDA:51,8,0,0
BRDA:51,9,0,0
BRDA:51,9,1,0
BRDA:51,9,2,0
BRDA:51,9,3,0
BRDA:51,9,4,0
BRDA:51,9,5,0
BRDA:59,10,0,0
BRDA:59,10,1,0
BRDA:62,11,0,0
BRDA:69,12,0,0
BRDA:69,12,1,0
BRDA:75,13,0,0
BRDA:75,13,1,0
BRDA:75,13,2,0
BRDA:75,13,3,0
BRDA:75,13,4,0
BRDA:75,13,5,0
BRDA:78,14,0,0
BRDA:78,14,1,0
BRF:33
BRH:0
end_of_record
TN:
SF:lib/services/seo/keyword-analyzer.ts
FN:8,(anonymous_1)
FN:92,(anonymous_2)
FN:100,(anonymous_3)
FN:104,(anonymous_4)
FN:138,(anonymous_5)
FN:157,(anonymous_6)
FN:161,(anonymous_7)
FN:167,(anonymous_8)
FNF:8
FNH:0
FNDA:0,(anonymous_1)
FNDA:0,(anonymous_2)
FNDA:0,(anonymous_3)
FNDA:0,(anonymous_4)
FNDA:0,(anonymous_5)
FNDA:0,(anonymous_6)
FNDA:0,(anonymous_7)
FNDA:0,(anonymous_8)
DA:7,0
DA:9,0
DA:12,0
DA:13,0
DA:16,0
DA:17,0
DA:18,0
DA:21,0
DA:22,0
DA:27,0
DA:28,0
DA:29,0
DA:30,0
DA:32,0
DA:34,0
DA:35,0
DA:36,0
DA:39,0
DA:40,0
DA:41,0
DA:42,0
DA:45,0
DA:46,0
DA:49,0
DA:50,0
DA:53,0
DA:54,0
DA:57,0
DA:58,0
DA:62,0
DA:63,0
DA:64,0
DA:65,0
DA:68,0
DA:72,0
DA:75,0
DA:76,0
DA:77,0
DA:79,0
DA:94,0
DA:97,0
DA:101,0
DA:109,0
DA:112,0
DA:115,0
DA:116,0
DA:118,0
DA:119,0
DA:120,0
DA:125,0
DA:128,0
DA:129,0
DA:130,0
DA:131,0
DA:135,0
DA:142,0
DA:143,0
DA:144,0
DA:147,0
DA:149,0
DA:150,0
DA:151,0
DA:156,0
DA:157,0
DA:161,0
DA:164,0
DA:168,0
LF:67
LH:0
BRDA:17,0,0,0
BRDA:17,0,1,0
BRDA:21,1,0,0
BRDA:32,2,0,0
BRDA:32,2,1,0
BRDA:35,3,0,0
BRDA:35,3,1,0
BRDA:36,4,0,0
BRDA:36,4,1,0
BRDA:45,5,0,0
BRDA:49,6,0,0
BRDA:53,7,0,0
BRDA:57,8,0,0
BRDA:62,9,0,0
BRDA:62,9,1,0
BRDA:64,10,0,0
BRDA:64,11,0,0
BRDA:64,11,1,0
BRDA:119,12,0,0
BRDA:119,13,0,0
BRDA:119,13,1,0
BRDA:120,14,0,0
BRDA:120,14,1,0
BRDA:129,15,0,0
BRDA:150,16,0,0
BRDA:150,17,0,0
BRDA:150,17,1,0
BRDA:150,17,2,0
BRDA:150,17,3,0
BRDA:151,18,0,0
BRDA:151,18,1,0
BRF:31
BRH:0
end_of_record
TN:
SF:lib/services/seo/link-analyzer.ts
FN:8,(anonymous_1)
FN:28,(anonymous_2)
FN:74,(anonymous_3)
FN:91,(anonymous_4)
FN:92,(anonymous_5)
FN:114,(anonymous_6)
FN:141,(anonymous_7)
FN:150,(anonymous_8)
FN:159,(anonymous_9)
FNF:9
FNH:0
FNDA:0,(anonymous_1)
FNDA:0,(anonymous_2)
FNDA:0,(anonymous_3)
FNDA:0,(anonymous_4)
FNDA:0,(anonymous_5)
FNDA:0,(anonymous_6)
FNDA:0,(anonymous_7)
FNDA:0,(anonymous_8)
FNDA:0,(anonymous_9)
DA:7,0
DA:9,0
DA:16,0
DA:19,0
DA:22,0
DA:23,0
DA:24,0
DA:25,0
DA:28,0
DA:29,0
DA:30,0
DA:31,0
DA:32,0
DA:35,0
DA:36,0
DA:40,0
DA:41,0
DA:42,0
DA:45,0
DA:46,0
DA:48,0
DA:51,0
DA:52,0
DA:56,0
DA:65,0
DA:66,0
DA:69,0
DA:70,0
DA:74,0
DA:75,0
DA:76,0
DA:80,0
DA:81,0
DA:82,0
DA:83,0
DA:84,0
DA:86,0
DA:90,0
DA:91,0
DA:92,0
DA:94,0
DA:95,0
DA:99,0
DA:100,0
DA:101,0
DA:103,0
DA:115,0
DA:117,0
DA:118,0
DA:119,0
DA:123,0
DA:124,0
DA:125,0
DA:129,0
DA:130,0
DA:131,0
DA:132,0
DA:135,0
DA:137,0
DA:142,0
DA:143,0
DA:144,0
DA:146,0
DA:151,0
DA:152,0
DA:153,0
DA:155,0
DA:160,0
DA:161,0
LF:69
LH:0
BRDA:30,0,0,0
BRDA:30,0,1,0
BRDA:32,1,0,0
BRDA:32,1,1,0
BRDA:35,2,0,0
BRDA:35,3,0,0
BRDA:35,3,1,0
BRDA:35,3,2,0
BRDA:45,4,0,0
BRDA:45,4,1,0
BRDA:51,5,0,0
BRDA:65,6,0,0
BRDA:69,7,0,0
BRDA:75,8,0,0
BRDA:82,9,0,0
BRDA:83,10,0,0
BRDA:94,11,0,0
BRDA:117,12,0,0
BRDA:123,13,0,0
BRDA:129,14,0,0
BRDA:129,15,0,0
BRDA:129,15,1,0
BRDA:131,16,0,0
BRDA:131,16,1,0
BRDA:144,17,0,0
BRDA:144,17,1,0
BRDA:160,18,0,0
BRDA:161,19,0,0
BRDA:161,19,1,0
BRF:29
BRH:0
end_of_record
TN:
SF:lib/services/seo/meta-tags-analyzer.ts
FN:8,(anonymous_1)
FNF:1
FNH:0
FNDA:0,(anonymous_1)
DA:7,0
DA:9,0
DA:12,0
DA:13,0
DA:14,0
DA:16,0
DA:17,0
DA:18,0
DA:19,0
DA:20,0
DA:21,0
DA:25,0
DA:26,0
DA:27,0
DA:29,0
DA:30,0
DA:31,0
DA:32,0
DA:33,0
DA:34,0
DA:38,0
DA:39,0
DA:41,0
DA:42,0
DA:46,0
DA:47,0
DA:49,0
DA:50,0
DA:54,0
DA:55,0
DA:57,0
DA:58,0
DA:62,0
DA:63,0
DA:64,0
DA:66,0
LF:36
LH:0
BRDA:16,0,0,0
BRDA:16,0,1,0
BRDA:18,1,0,0
BRDA:18,1,1,0
BRDA:20,2,0,0
BRDA:25,3,0,0
BRDA:25,3,1,0
BRDA:29,4,0,0
BRDA:29,4,1,0
BRDA:31,5,0,0
BRDA:31,5,1,0
BRDA:33,6,0,0
BRDA:38,7,0,0
BRDA:38,7,1,0
BRDA:41,8,0,0
BRDA:41,9,0,0
BRDA:41,9,1,0
BRDA:41,9,2,0
BRDA:46,10,0,0
BRDA:46,10,1,0
BRDA:49,11,0,0
BRDA:54,12,0,0
BRDA:54,12,1,0
BRDA:57,13,0,0
BRDA:71,14,0,0
BRDA:71,14,1,0
BRDA:77,15,0,0
BRDA:77,15,1,0
BRDA:82,16,0,0
BRDA:82,16,1,0
BRDA:82,17,0,0
BRDA:82,17,1,0
BRDA:82,17,2,0
BRDA:89,18,0,0
BRDA:89,18,1,0
BRDA:94,19,0,0
BRDA:94,19,1,0
BRF:37
BRH:0
end_of_record
TN:
SF:lib/services/server-only/advanced-audit-service.ts
FN:18,(anonymous_1)
FN:53,(anonymous_2)
FN:90,(anonymous_3)
FN:94,(anonymous_4)
FN:98,(anonymous_5)
FN:102,(anonymous_6)
FN:106,(anonymous_7)
FN:110,(anonymous_8)
FNF:8
FNH:0
FNDA:0,(anonymous_1)
FNDA:0,(anonymous_2)
FNDA:0,(anonymous_3)
FNDA:0,(anonymous_4)
FNDA:0,(anonymous_5)
FNDA:0,(anonymous_6)
FNDA:0,(anonymous_7)
FNDA:0,(anonymous_8)
DA:6,0
DA:9,0
DA:11,0
DA:19,0
DA:21,0
DA:27,0
DA:28,0
DA:32,0
DA:37,0
DA:40,0
DA:54,0
DA:56,0
DA:59,0
DA:60,0
DA:63,0
DA:64,0
DA:67,0
DA:68,0
DA:71,0
DA:72,0
DA:75,0
DA:76,0
DA:79,0
DA:80,0
DA:82,0
DA:85,0
LF:26
LH:0
BRDA:56,0,0,0
BRDA:56,0,1,0
BRDA:56,0,2,0
BRDA:56,0,3,0
BRDA:56,0,4,0
BRDA:56,0,5,0
BRDA:56,0,6,0
BRF:7
BRH:0
end_of_record
TN:
SF:lib/types/notification.ts
FNF:0
FNH:0
DA:7,0
DA:20,0
DA:30,0
LF:3
LH:0
BRF:0
BRH:0
end_of_record
TN:
SF:lib/webpack/browser-modules-plugin.js
FN:8,(anonymous_0)
FN:21,(anonymous_1)
FN:32,(anonymous_2)
FN:34,(anonymous_3)
FN:38,(anonymous_4)
FNF:5
FNH:0
FNDA:0,(anonymous_0)
FNDA:0,(anonymous_1)
FNDA:0,(anonymous_2)
FNDA:0,(anonymous_3)
FNDA:0,(anonymous_4)
DA:9,0
DA:23,0
DA:24,0
DA:28,0
DA:29,0
DA:32,0
DA:34,0
DA:35,0
DA:38,0
DA:39,0
DA:43,0
DA:45,0
DA:54,0
LF:13
LH:0
BRDA:8,0,0,0
BRDA:15,1,0,0
BRDA:15,1,1,0
BRDA:17,2,0,0
BRDA:17,2,1,0
BRDA:23,3,0,0
BRDA:35,4,0,0
BRDA:39,5,0,0
BRDA:39,5,1,0
BRDA:43,6,0,0
BRF:10
BRH:0
end_of_record
TN:
SF:lib/webpack/empty-module.js
FN:6,(anonymous_0)
FN:25,(anonymous_1)
FN:37,(anonymous_2)
FN:46,(anonymous_3)
FN:47,(anonymous_4)
FN:48,(anonymous_5)
FN:49,(anonymous_6)
FN:53,(anonymous_7)
FN:54,(anonymous_8)
FNF:9
FNH:0
FNDA:0,(anonymous_0)
FNDA:0,(anonymous_1)
FNDA:0,(anonymous_2)
FNDA:0,(anonymous_3)
FNDA:0,(anonymous_4)
FNDA:0,(anonymous_5)
FNDA:0,(anonymous_6)
FNDA:0,(anonymous_7)
FNDA:0,(anonymous_8)
DA:5,0
DA:8,0
DA:10,0
DA:13,0
DA:15,0
DA:18,0
DA:20,0
DA:24,0
DA:25,0
DA:27,0
DA:28,0
DA:31,0
DA:35,0
DA:39,0
DA:44,0
DA:46,0
DA:47,0
DA:48,0
DA:49,0
DA:53,0
DA:54,0
DA:58,0
DA:61,0
LF:23
LH:0
BRDA:8,0,0,0
BRDA:13,1,0,0
BRDA:18,2,0,0
BRDA:24,3,0,0
BRDA:27,4,0,0
BRF:5
BRH:0
end_of_record
TN:
SF:lib/webpack/entry-polyfill-plugin.js
FN:9,(anonymous_0)
FN:15,(anonymous_1)
FN:20,(anonymous_2)
FN:120,(anonymous_3)
FN:124,(anonymous_4)
FN:133,(anonymous_5)
FN:137,(anonymous_6)
FNF:7
FNH:0
FNDA:0,(anonymous_0)
FNDA:0,(anonymous_1)
FNDA:0,(anonymous_2)
FNDA:0,(anonymous_3)
FNDA:0,(anonymous_4)
FNDA:0,(anonymous_5)
FNDA:0,(anonymous_6)
DA:10,0
DA:16,0
DA:17,0
DA:20,0
DA:21,0
DA:22,0
DA:27,0
DA:117,0
DA:120,0
DA:121,0
DA:124,0
DA:125,0
DA:129,0
DA:133,0
DA:134,0
DA:137,0
DA:138,0
DA:141,0
DA:142,0
DA:145,0
DA:154,0
DA:157,0
DA:163,0
LF:23
LH:0
BRDA:9,0,0,0
BRDA:21,1,0,0
BRF:2
BRH:0
end_of_record
TN:
SF:lib/webpack/global-polyfill-plugin.js
FN:9,(anonymous_0)
FN:17,(anonymous_1)
FN:64,(anonymous_2)
FN:75,(anonymous_3)
FN:77,(anonymous_4)
FNF:5
FNH:0
FNDA:0,(anonymous_0)
FNDA:0,(anonymous_1)
FNDA:0,(anonymous_2)
FNDA:0,(anonymous_3)
FNDA:0,(anonymous_4)
DA:10,0
DA:19,0
DA:20,0
DA:24,0
DA:64,0
DA:66,0
DA:69,0
DA:77,0
DA:79,0
DA:80,0
DA:83,0
DA:84,0
DA:88,0
DA:91,0
DA:103,0
LF:15
LH:0
BRDA:9,0,0,0
BRDA:12,1,0,0
BRDA:12,1,1,0
BRDA:19,2,0,0
BRDA:19,3,0,0
BRDA:19,3,1,0
BRDA:79,4,0,0
BRDA:83,5,0,0
BRF:8
BRH:0
end_of_record
TN:
SF:lib/webpack/next-server-polyfill-plugin.js
FN:9,(anonymous_0)
FN:16,(anonymous_1)
FN:58,(anonymous_2)
FN:65,(anonymous_3)
FN:74,(anonymous_4)
FN:78,(anonymous_5)
FNF:6
FNH:0
FNDA:0,(anonymous_0)
FNDA:0,(anonymous_1)
FNDA:0,(anonymous_2)
FNDA:0,(anonymous_3)
FNDA:0,(anonymous_4)
FNDA:0,(anonymous_5)
DA:10,0
DA:18,0
DA:19,0
DA:22,0
DA:23,0
DA:26,0
DA:58,0
DA:59,0
DA:60,0
DA:65,0
DA:66,0
DA:69,0
DA:75,0
DA:78,0
DA:80,0
DA:85,0
DA:88,0
DA:89,0
DA:90,0
DA:93,0
DA:96,0
DA:99,0
DA:106,0
DA:113,0
LF:24
LH:0
BRDA:9,0,0,0
BRDA:18,1,0,0
BRDA:59,2,0,0
BRDA:80,3,0,0
BRDA:80,4,0,0
BRDA:80,4,1,0
BRDA:80,4,2,0
BRDA:80,4,3,0
BRDA:88,5,0,0
BRF:9
BRH:0
end_of_record
TN:
SF:lib/webpack/self-polyfill-plugin.js
FN:5,(anonymous_0)
FN:12,(anonymous_1)
FN:27,(anonymous_2)
FN:34,(anonymous_3)
FN:36,(anonymous_4)
FNF:5
FNH:0
FNDA:0,(anonymous_0)
FNDA:0,(anonymous_1)
FNDA:0,(anonymous_2)
FNDA:0,(anonymous_3)
FNDA:0,(anonymous_4)
DA:6,0
DA:14,0
DA:15,0
DA:19,0
DA:27,0
DA:29,0
DA:36,0
DA:38,0
DA:40,0
DA:43,0
DA:46,0
DA:58,0
LF:12
LH:0
BRDA:5,0,0,0
BRDA:7,1,0,0
BRDA:7,1,1,0
BRDA:8,2,0,0
BRDA:8,2,1,0
BRDA:14,3,0,0
BRDA:38,4,0,0
BRF:7
BRH:0
end_of_record
